  [1m[35m (343.2ms)[0m  [1m[35mCREATE DATABASE "reddit_clone_development" ENCODING = 'unicode'[0m
  ↳ bin/rails:9
  [1m[35m (342.2ms)[0m  [1m[35mCREATE DATABASE "reddit_clone_test" ENCODING = 'unicode'[0m
  ↳ bin/rails:9
  [1m[35m (15.7ms)[0m  [1m[35mCREATE TABLE "schema_migrations" ("version" character varying NOT NULL PRIMARY KEY)[0m
  ↳ bin/rails:9
  [1m[35m (22.7ms)[0m  [1m[35mCREATE TABLE "ar_internal_metadata" ("key" character varying NOT NULL PRIMARY KEY, "value" character varying, "created_at" timestamp NOT NULL, "updated_at" timestamp NOT NULL)[0m
  ↳ bin/rails:9
  [1m[35m (0.1ms)[0m  [1m[34mSELECT pg_try_advisory_lock(688274183373989625)[0m
  ↳ bin/rails:9
  [1m[35m (0.4ms)[0m  [1m[34mSELECT "schema_migrations"."version" FROM "schema_migrations" ORDER BY "schema_migrations"."version" ASC[0m
  ↳ bin/rails:9
Migrating to CreateUsers (20211119191535)
  [1m[35m (0.2ms)[0m  [1m[35mBEGIN[0m
  ↳ bin/rails:9
  [1m[35m (15.1ms)[0m  [1m[35mCREATE TABLE "users" ("id" bigserial primary key, "username" character varying NOT NULL, "password_digest" character varying NOT NULL, "session_token" character varying, "created_at" timestamp NOT NULL, "updated_at" timestamp NOT NULL)[0m
  ↳ db/migrate/20211119191535_create_users.rb:3
  [1m[35m (5.1ms)[0m  [1m[35mCREATE  INDEX  "index_users_on_session_token" ON "users"  ("session_token")[0m
  ↳ db/migrate/20211119191535_create_users.rb:10
  [1m[35m (3.8ms)[0m  [1m[35mCREATE UNIQUE INDEX  "index_users_on_username" ON "users"  ("username")[0m
  ↳ db/migrate/20211119191535_create_users.rb:11
  [1m[36mActiveRecord::SchemaMigration Create (1.0ms)[0m  [1m[32mINSERT INTO "schema_migrations" ("version") VALUES ($1) RETURNING "version"[0m  [["version", "20211119191535"]]
  ↳ bin/rails:9
  [1m[35m (2.4ms)[0m  [1m[35mCOMMIT[0m
  ↳ bin/rails:9
  [1m[36mActiveRecord::InternalMetadata Load (0.4ms)[0m  [1m[34mSELECT  "ar_internal_metadata".* FROM "ar_internal_metadata" WHERE "ar_internal_metadata"."key" = $1 LIMIT $2[0m  [["key", "environment"], ["LIMIT", 1]]
  ↳ bin/rails:9
  [1m[35m (0.2ms)[0m  [1m[35mBEGIN[0m
  ↳ bin/rails:9
  [1m[36mActiveRecord::InternalMetadata Create (1.3ms)[0m  [1m[32mINSERT INTO "ar_internal_metadata" ("key", "value", "created_at", "updated_at") VALUES ($1, $2, $3, $4) RETURNING "key"[0m  [["key", "environment"], ["value", "development"], ["created_at", "2021-11-19 19:18:52.343557"], ["updated_at", "2021-11-19 19:18:52.343557"]]
  ↳ bin/rails:9
  [1m[35m (2.8ms)[0m  [1m[35mCOMMIT[0m
  ↳ bin/rails:9
  [1m[35m (0.4ms)[0m  [1m[34mSELECT pg_advisory_unlock(688274183373989625)[0m
  ↳ bin/rails:9
  [1m[35m (0.2ms)[0m  [1m[34mSELECT "schema_migrations"."version" FROM "schema_migrations" ORDER BY "schema_migrations"."version" ASC[0m
  ↳ bin/rails:9
Started GET "/session/new" for ::1 at 2021-11-19 15:18:44 -0500
  [1m[35m (0.4ms)[0m  [1m[34mSELECT "schema_migrations"."version" FROM "schema_migrations" ORDER BY "schema_migrations"."version" ASC[0m
  ↳ /home/sam/.rbenv/versions/2.5.1/lib/ruby/gems/2.5.0/gems/activerecord-5.2.6/lib/active_record/log_subscriber.rb:98
Processing by SessionsController#new as HTML
Completed 500 Internal Server Error in 76ms (ActiveRecord: 0.0ms)



ActionView::MissingTemplate - Missing template sessions/login, application/login with {:locale=>[:en], :formats=>[:html], :variants=>[], :handlers=>[:raw, :erb, :html, :builder, :ruby, :coffee, :jbuilder]}. Searched in:
  * "/mnt/c/users/sgele/desktop/AA_Bootcamp/PROJECTS/Week 7 (11.15 - 11.19)/W7D5/reddit_clone/app/views":
  app/controllers/sessions_controller.rb:6:in `new'

Started POST "/__better_errors/1f2759bb06e14a62/variables" for ::1 at 2021-11-19 15:18:45 -0500
Started GET "/session/new" for ::1 at 2021-11-19 15:19:54 -0500
  [1m[35m (0.4ms)[0m  [1m[34mSELECT "schema_migrations"."version" FROM "schema_migrations" ORDER BY "schema_migrations"."version" ASC[0m
  ↳ /home/sam/.rbenv/versions/2.5.1/lib/ruby/gems/2.5.0/gems/activerecord-5.2.6/lib/active_record/log_subscriber.rb:98
Processing by SessionsController#new as HTML
Completed 500 Internal Server Error in 79ms (ActiveRecord: 0.0ms)



ActionView::MissingTemplate - Missing template sessions/new, application/new with {:locale=>[:en], :formats=>[:html], :variants=>[], :handlers=>[:raw, :erb, :html, :builder, :ruby, :coffee, :jbuilder]}. Searched in:
  * "/mnt/c/users/sgele/desktop/AA_Bootcamp/PROJECTS/Week 7 (11.15 - 11.19)/W7D5/reddit_clone/app/views":
  app/controllers/sessions_controller.rb:6:in `new'

Started POST "/__better_errors/5cea21f7a918bca7/variables" for ::1 at 2021-11-19 15:19:55 -0500
Started GET "/session/new" for ::1 at 2021-11-19 15:20:47 -0500
  [1m[35m (0.5ms)[0m  [1m[34mSELECT "schema_migrations"."version" FROM "schema_migrations" ORDER BY "schema_migrations"."version" ASC[0m
  ↳ /home/sam/.rbenv/versions/2.5.1/lib/ruby/gems/2.5.0/gems/activerecord-5.2.6/lib/active_record/log_subscriber.rb:98
Processing by SessionsController#new as HTML
  Rendering sessions/login.html.erb within layouts/application
  Rendered sessions/login.html.erb within layouts/application (203.6ms)
Completed 500 Internal Server Error in 413ms (ActiveRecord: 0.0ms)



ActionView::MissingTemplate - Missing partial sessions/_credentials, application/_credentials with {:locale=>[:en], :formats=>[:html], :variants=>[], :handlers=>[:raw, :erb, :html, :builder, :ruby, :coffee, :jbuilder]}. Searched in:
  * "/mnt/c/users/sgele/desktop/AA_Bootcamp/PROJECTS/Week 7 (11.15 - 11.19)/W7D5/reddit_clone/app/views":
  app/views/sessions/login.html.erb:1:in `_app_views_sessions_login_html_erb__3671837975389011484_47015400701720'
  app/controllers/sessions_controller.rb:6:in `new'

Started POST "/__better_errors/5060f7ebebe06d67/variables" for ::1 at 2021-11-19 15:20:48 -0500
Started POST "/__better_errors/5060f7ebebe06d67/eval" for ::1 at 2021-11-19 15:21:52 -0500
Started GET "/session/new" for ::1 at 2021-11-19 15:21:56 -0500
  [1m[35m (0.5ms)[0m  [1m[34mSELECT "schema_migrations"."version" FROM "schema_migrations" ORDER BY "schema_migrations"."version" ASC[0m
  ↳ /home/sam/.rbenv/versions/2.5.1/lib/ruby/gems/2.5.0/gems/activerecord-5.2.6/lib/active_record/log_subscriber.rb:98
Processing by SessionsController#new as HTML
  Rendering sessions/login.html.erb within layouts/application
  Rendered sessions/login.html.erb within layouts/application (255.1ms)
Completed 500 Internal Server Error in 524ms (ActiveRecord: 0.0ms)



ActionView::MissingTemplate - Missing partial sessions/_credentials, application/_credentials with {:locale=>[:en], :formats=>[:html], :variants=>[], :handlers=>[:raw, :erb, :html, :builder, :ruby, :coffee, :jbuilder]}. Searched in:
  * "/mnt/c/users/sgele/desktop/AA_Bootcamp/PROJECTS/Week 7 (11.15 - 11.19)/W7D5/reddit_clone/app/views":
  app/views/sessions/login.html.erb:1:in `_app_views_sessions_login_html_erb___2473555817676635826_47359420272300'
  app/controllers/sessions_controller.rb:6:in `new'

Started POST "/__better_errors/3676dd1ea62e2328/variables" for ::1 at 2021-11-19 15:21:57 -0500
Started POST "/__better_errors/3676dd1ea62e2328/variables" for ::1 at 2021-11-19 15:22:00 -0500
Started GET "/session/new" for ::1 at 2021-11-19 15:22:33 -0500
  [1m[35m (0.4ms)[0m  [1m[34mSELECT "schema_migrations"."version" FROM "schema_migrations" ORDER BY "schema_migrations"."version" ASC[0m
  ↳ /home/sam/.rbenv/versions/2.5.1/lib/ruby/gems/2.5.0/gems/activerecord-5.2.6/lib/active_record/log_subscriber.rb:98
Processing by SessionsController#new as HTML
  Rendering sessions/login.html.erb within layouts/application
  Rendered _credentials.html.erb (1.0ms)
  Rendered sessions/login.html.erb within layouts/application (59.3ms)
Completed 500 Internal Server Error in 273ms (ActiveRecord: 0.0ms)



SyntaxError - syntax error, unexpected tCONSTANT, expecting keyword_do or '{' or '('
...t = (action == :login) ? Log In : Sign up
...                             ^~:
  app/views/_credentials.html.erb:2:in `'
  app/views/sessions/login.html.erb:1:in `_app_views_sessions_login_html_erb__2248735636854756772_47024006615020'
  app/controllers/sessions_controller.rb:6:in `new'

Started POST "/__better_errors/8d9e61d4558561ba/variables" for ::1 at 2021-11-19 15:22:34 -0500
Started GET "/session/new" for ::1 at 2021-11-19 15:23:09 -0500
Processing by SessionsController#new as HTML
  Rendering sessions/login.html.erb within layouts/application
  Rendered _credentials.html.erb (1.0ms)
  Rendered sessions/login.html.erb within layouts/application (84.7ms)
  [1m[36mUser Load (0.8ms)[0m  [1m[34mSELECT  "users".* FROM "users" WHERE "users"."session_token" IS NULL LIMIT $1[0m  [["LIMIT", 1]]
  ↳ app/controllers/application_controller.rb:6
Completed 200 OK in 3620ms (Views: 3616.5ms | ActiveRecord: 2.8ms)


Started GET "/session/new" for ::1 at 2021-11-19 15:23:21 -0500
Processing by SessionsController#new as HTML
  Rendering sessions/login.html.erb within layouts/application
  Rendered _credentials.html.erb (0.8ms)
  Rendered sessions/login.html.erb within layouts/application (92.7ms)
  [1m[36mUser Load (0.6ms)[0m  [1m[34mSELECT  "users".* FROM "users" WHERE "users"."session_token" IS NULL LIMIT $1[0m  [["LIMIT", 1]]
  ↳ app/controllers/application_controller.rb:6
Completed 200 OK in 816ms (Views: 814.2ms | ActiveRecord: 1.1ms)


Started GET "/users/new" for ::1 at 2021-11-19 15:23:29 -0500

SyntaxError - syntax error, unexpected ')', expecting ']'
...user = User.find_by(params[:id)
...                              ^:
  app/controllers/users_controller.rb:36:in `'

Started POST "/__better_errors/8a1716a2ee4f6ec0/variables" for ::1 at 2021-11-19 15:24:17 -0500
Started GET "/users/new" for ::1 at 2021-11-19 15:24:45 -0500

SyntaxError - syntax error, unexpected ')', expecting ']'
...user = User.find_by(params[:id)
...                              ^:
  app/controllers/users_controller.rb:36:in `'

Started POST "/__better_errors/c73176d34cdee6c8/variables" for ::1 at 2021-11-19 15:24:45 -0500
Started GET "/users/" for ::1 at 2021-11-19 15:24:51 -0500

SyntaxError - syntax error, unexpected ')', expecting ']'
...user = User.find_by(params[:id)
...                              ^:
  app/controllers/users_controller.rb:36:in `'

Started POST "/__better_errors/a7537b431e60fa40/variables" for ::1 at 2021-11-19 15:24:52 -0500
Started GET "/users/" for ::1 at 2021-11-19 15:25:03 -0500
Processing by UsersController#index as HTML
  [1m[36mUser Load (0.5ms)[0m  [1m[34mSELECT  "users".* FROM "users" WHERE "users"."session_token" IS NULL LIMIT $1[0m  [["LIMIT", 1]]
  ↳ app/controllers/application_controller.rb:6
Redirected to http://localhost:3000/session/new
Filter chain halted as :require_logged_in rendered or redirected
Completed 302 Found in 6ms (ActiveRecord: 0.5ms)


Started GET "/session/new" for ::1 at 2021-11-19 15:25:03 -0500
Processing by SessionsController#new as HTML
  Rendering sessions/login.html.erb within layouts/application
  Rendered _credentials.html.erb (0.8ms)
  Rendered sessions/login.html.erb within layouts/application (85.5ms)
  [1m[36mUser Load (0.5ms)[0m  [1m[34mSELECT  "users".* FROM "users" WHERE "users"."session_token" IS NULL LIMIT $1[0m  [["LIMIT", 1]]
  ↳ app/controllers/application_controller.rb:6
Completed 200 OK in 823ms (Views: 821.6ms | ActiveRecord: 0.5ms)


Started GET "/users/new" for ::1 at 2021-11-19 15:25:11 -0500
Processing by UsersController#new as HTML
  Rendering users/register.html.erb within layouts/application
  Rendered _credentials.html.erb (0.7ms)
  Rendered users/register.html.erb within layouts/application (47.8ms)
  [1m[36mUser Load (0.4ms)[0m  [1m[34mSELECT  "users".* FROM "users" WHERE "users"."session_token" IS NULL LIMIT $1[0m  [["LIMIT", 1]]
  ↳ app/controllers/application_controller.rb:6
Completed 200 OK in 483ms (Views: 482.5ms | ActiveRecord: 0.4ms)


Started POST "/users" for ::1 at 2021-11-19 15:25:18 -0500
Processing by UsersController#create as HTML
  Parameters: {"authenticity_token"=>"LQh0aX1/dr/sC4ExUMqUudzGJT4VIQagRo12rjvMfWNUZp/dxEhrOMOkYnNJ8Fw0l51Syb0FTvzEx9kdeyTkCg==", "user"=>{"name"=>"test", "password"=>"[FILTERED]"}}
Unpermitted parameter: :name
Completed 500 Internal Server Error in 69ms (ActiveRecord: 2.5ms)



NameError - uninitialized constant User::BCrypt:
  app/models/user.rb:30:in `password='
  app/controllers/users_controller.rb:10:in `create'

Started POST "/__better_errors/7f136d9ecab7637b/variables" for ::1 at 2021-11-19 15:25:19 -0500
Started POST "/users" for ::1 at 2021-11-19 15:26:48 -0500
  [1m[35m (0.5ms)[0m  [1m[34mSELECT "schema_migrations"."version" FROM "schema_migrations" ORDER BY "schema_migrations"."version" ASC[0m
  ↳ /home/sam/.rbenv/versions/2.5.1/lib/ruby/gems/2.5.0/gems/activerecord-5.2.6/lib/active_record/log_subscriber.rb:98
Processing by UsersController#create as HTML
  Parameters: {"authenticity_token"=>"LQh0aX1/dr/sC4ExUMqUudzGJT4VIQagRo12rjvMfWNUZp/dxEhrOMOkYnNJ8Fw0l51Syb0FTvzEx9kdeyTkCg==", "user"=>{"name"=>"test", "password"=>"[FILTERED]"}}
Unpermitted parameter: :name
  [1m[35m (0.3ms)[0m  [1m[35mBEGIN[0m
  ↳ app/controllers/users_controller.rb:11
  [1m[36mUser Exists (0.6ms)[0m  [1m[34mSELECT  1 AS one FROM "users" WHERE "users"."username" IS NULL LIMIT $1[0m  [["LIMIT", 1]]
  ↳ app/controllers/users_controller.rb:11
  [1m[35m (0.4ms)[0m  [1m[31mROLLBACK[0m
  ↳ app/controllers/users_controller.rb:11
  Rendering users/register.html.erb within layouts/application
  Rendered _credentials.html.erb (92.6ms)
  Rendered users/register.html.erb within layouts/application (169.3ms)
Completed 500 Internal Server Error in 1239ms (ActiveRecord: 5.9ms)



NoMethodError - undefined method `name' for #<User:0x00005606452a6c40>:
  app/views/_credentials.html.erb:9:in `_app_views__credentials_html_erb__182310419278343921_47292462639620'
  app/views/users/register.html.erb:1:in `_app_views_users_register_html_erb___1446346109673980413_47292462817720'
  app/controllers/users_controller.rb:16:in `create'

Started POST "/__better_errors/f896371d553f5359/variables" for ::1 at 2021-11-19 15:26:49 -0500
  [1m[36mUser Load (0.5ms)[0m  [1m[34mSELECT "users".* FROM "users"[0m
Started GET "/users/1" for ::1 at 2021-11-19 15:27:44 -0500
  [1m[35m (0.6ms)[0m  [1m[34mSELECT "schema_migrations"."version" FROM "schema_migrations" ORDER BY "schema_migrations"."version" ASC[0m
  ↳ /home/sam/.rbenv/versions/2.5.1/lib/ruby/gems/2.5.0/gems/activerecord-5.2.6/lib/active_record/log_subscriber.rb:98
Processing by UsersController#show as HTML
  Parameters: {"id"=>"1"}
  [1m[36mUser Load (0.5ms)[0m  [1m[34mSELECT  "users".* FROM "users" WHERE "users"."session_token" IS NULL LIMIT $1[0m  [["LIMIT", 1]]
  ↳ app/controllers/application_controller.rb:6
Redirected to http://localhost:3000/session/new
Filter chain halted as :require_logged_in rendered or redirected
Completed 302 Found in 137ms (ActiveRecord: 2.4ms)


Started GET "/session/new" for ::1 at 2021-11-19 15:27:45 -0500
Processing by SessionsController#new as HTML
  Rendering sessions/login.html.erb within layouts/application
  Rendered _credentials.html.erb (0.9ms)
  Rendered sessions/login.html.erb within layouts/application (86.5ms)
  [1m[36mUser Load (0.7ms)[0m  [1m[34mSELECT  "users".* FROM "users" WHERE "users"."session_token" IS NULL LIMIT $1[0m  [["LIMIT", 1]]
  ↳ app/controllers/application_controller.rb:6
Completed 200 OK in 1788ms (Views: 1786.3ms | ActiveRecord: 0.7ms)


Started POST "/session" for ::1 at 2021-11-19 15:27:52 -0500
Processing by SessionsController#create as HTML
  Parameters: {"authenticity_token"=>"Go5i2G7zUsADE5zXKle2c9D895AR/CLR3dk1YUKm0lJj4Ils18RPRyy8f5UzbX7+m6eAZ7nYao1fk5rSAk5LOw==", "user"=>{"name"=>"test", "password"=>"[FILTERED]"}}
Completed 500 Internal Server Error in 1ms (ActiveRecord: 0.0ms)



ArgumentError - wrong number of arguments (given 1, expected 2):
  app/models/user.rb:9:in `find_by_credentials'
  app/models/user.rb:10:in `find_by_credentials'
  app/controllers/sessions_controller.rb:10:in `create'

Started POST "/__better_errors/28716d00138ef81b/variables" for ::1 at 2021-11-19 15:27:52 -0500
Started POST "/session" for 127.0.0.1 at 2021-11-19 15:28:28 -0500
  [1m[35m (0.6ms)[0m  [1m[34mSELECT "schema_migrations"."version" FROM "schema_migrations" ORDER BY "schema_migrations"."version" ASC[0m
  ↳ /home/sam/.rbenv/versions/2.5.1/lib/ruby/gems/2.5.0/gems/activerecord-5.2.6/lib/active_record/log_subscriber.rb:98
Processing by SessionsController#create as HTML
  Parameters: {"authenticity_token"=>"Go5i2G7zUsADE5zXKle2c9D895AR/CLR3dk1YUKm0lJj4Ils18RPRyy8f5UzbX7+m6eAZ7nYao1fk5rSAk5LOw==", "user"=>{"name"=>"test", "password"=>"[FILTERED]"}}
  [1m[36mUser Load (0.5ms)[0m  [1m[34mSELECT  "users".* FROM "users" WHERE "users"."username" IS NULL LIMIT $1[0m  [["LIMIT", 1]]
  ↳ app/models/user.rb:10
  Rendering sessions/login.html.erb within layouts/application
  Rendered _credentials.html.erb (0.8ms)
  Rendered sessions/login.html.erb within layouts/application (85.5ms)
  [1m[36mUser Load (0.4ms)[0m  [1m[34mSELECT  "users".* FROM "users" WHERE "users"."session_token" IS NULL LIMIT $1[0m  [["LIMIT", 1]]
  ↳ app/controllers/application_controller.rb:6
Completed 200 OK in 1916ms (Views: 1779.0ms | ActiveRecord: 2.7ms)


Started GET "/users/new" for 127.0.0.1 at 2021-11-19 15:28:36 -0500
Processing by UsersController#new as HTML
  Rendering users/register.html.erb within layouts/application
  Rendered _credentials.html.erb (0.8ms)
  Rendered users/register.html.erb within layouts/application (94.8ms)
  [1m[36mUser Load (0.5ms)[0m  [1m[34mSELECT  "users".* FROM "users" WHERE "users"."session_token" IS NULL LIMIT $1[0m  [["LIMIT", 1]]
  ↳ app/controllers/application_controller.rb:6
Completed 200 OK in 814ms (Views: 812.7ms | ActiveRecord: 0.5ms)


Started POST "/users" for 127.0.0.1 at 2021-11-19 15:28:43 -0500
Processing by UsersController#create as HTML
  Parameters: {"authenticity_token"=>"ZP4y+arGf1egd0tXus/t0kM+yab9xVF6nga4sXUiWFcdkNlNE/Fi0I/YqBWj9SVfCGW+UVXhGSYcTBcCNcrBPg==", "user"=>{"name"=>"john", "password"=>"[FILTERED]"}}
Unpermitted parameter: :name
  [1m[35m (0.3ms)[0m  [1m[35mBEGIN[0m
  ↳ app/controllers/users_controller.rb:11
  [1m[36mUser Exists (0.5ms)[0m  [1m[34mSELECT  1 AS one FROM "users" WHERE "users"."username" IS NULL LIMIT $1[0m  [["LIMIT", 1]]
  ↳ app/controllers/users_controller.rb:11
  [1m[35m (0.3ms)[0m  [1m[31mROLLBACK[0m
  ↳ app/controllers/users_controller.rb:11
  Rendering users/register.html.erb within layouts/application
  Rendered _credentials.html.erb (0.7ms)
  Rendered users/register.html.erb within layouts/application (83.4ms)
  [1m[36mUser Load (0.5ms)[0m  [1m[34mSELECT  "users".* FROM "users" WHERE "users"."session_token" IS NULL LIMIT $1[0m  [["LIMIT", 1]]
  ↳ app/controllers/application_controller.rb:6
Completed 200 OK in 1050ms (Views: 723.7ms | ActiveRecord: 4.5ms)


Started POST "/users" for ::1 at 2021-11-19 15:29:24 -0500
Processing by UsersController#create as HTML
  Parameters: {"authenticity_token"=>"ghDt1+eFFi10Y9RhGZYGtCFn/1s59GWb2/MRcWfjSXL7fgZjXrILqlvMNyMArM45ajyIrJHQLcdZub7CJwvQGw==", "user"=>{"name"=>"test", "password"=>"[FILTERED]"}}
Unpermitted parameter: :name
  [1m[35m (0.4ms)[0m  [1m[35mBEGIN[0m
  ↳ app/controllers/users_controller.rb:11
  [1m[36mUser Exists (0.4ms)[0m  [1m[34mSELECT  1 AS one FROM "users" WHERE "users"."username" IS NULL LIMIT $1[0m  [["LIMIT", 1]]
  ↳ app/controllers/users_controller.rb:11
  [1m[35m (0.3ms)[0m  [1m[31mROLLBACK[0m
  ↳ app/controllers/users_controller.rb:11
  Rendering users/register.html.erb within layouts/application
  Rendered _credentials.html.erb (0.8ms)
  Rendered users/register.html.erb within layouts/application (71.1ms)
  [1m[36mUser Load (0.5ms)[0m  [1m[34mSELECT  "users".* FROM "users" WHERE "users"."session_token" IS NULL LIMIT $1[0m  [["LIMIT", 1]]
  ↳ app/controllers/application_controller.rb:6
Completed 200 OK in 931ms (Views: 669.8ms | ActiveRecord: 1.5ms)


Started GET "/users" for ::1 at 2021-11-19 15:29:38 -0500
  [1m[35m (0.7ms)[0m  [1m[34mSELECT "schema_migrations"."version" FROM "schema_migrations" ORDER BY "schema_migrations"."version" ASC[0m
  ↳ /home/sam/.rbenv/versions/2.5.1/lib/ruby/gems/2.5.0/gems/activerecord-5.2.6/lib/active_record/log_subscriber.rb:98
Processing by UsersController#index as HTML
  [1m[36mUser Load (0.6ms)[0m  [1m[34mSELECT  "users".* FROM "users" WHERE "users"."session_token" IS NULL LIMIT $1[0m  [["LIMIT", 1]]
  ↳ app/controllers/application_controller.rb:6
Redirected to http://localhost:3000/session/new
Filter chain halted as :require_logged_in rendered or redirected
Completed 302 Found in 139ms (ActiveRecord: 2.5ms)


Started GET "/session/new" for ::1 at 2021-11-19 15:29:39 -0500
Processing by SessionsController#new as HTML
  Rendering sessions/login.html.erb within layouts/application
  Rendered _credentials.html.erb (0.9ms)
  Rendered sessions/login.html.erb within layouts/application (85.6ms)
Started GET "/users/new" for 127.0.0.1 at 2021-11-19 15:29:39 -0500
Processing by UsersController#new as HTML
  Rendering users/register.html.erb within layouts/application
  Rendered _credentials.html.erb (0.8ms)
  Rendered users/register.html.erb within layouts/application (96.1ms)
  [1m[36mUser Load (0.5ms)[0m  [1m[34mSELECT  "users".* FROM "users" WHERE "users"."session_token" IS NULL LIMIT $1[0m  [["LIMIT", 1]]
  ↳ app/controllers/application_controller.rb:6
Completed 200 OK in 1770ms (Views: 1768.9ms | ActiveRecord: 0.5ms)


  [1m[36mUser Load (0.6ms)[0m  [1m[34mSELECT  "users".* FROM "users" WHERE "users"."session_token" IS NULL LIMIT $1[0m  [["LIMIT", 1]]
  ↳ app/controllers/application_controller.rb:6
Completed 200 OK in 1122ms (Views: 1120.2ms | ActiveRecord: 1.0ms)


Started POST "/users" for 127.0.0.1 at 2021-11-19 15:29:46 -0500
Processing by UsersController#create as HTML
  Parameters: {"authenticity_token"=>"uIE2kUJw+xO/goJuxiNvvNCr0XPL7Te7YWdwFp33WHbB790l+0fmlJAtYSzfGacxm/CmhGPJf+fjLd+l3R/BHw==", "user"=>{"username"=>"test", "password"=>"[FILTERED]"}}
  [1m[35m (0.3ms)[0m  [1m[35mBEGIN[0m
  ↳ app/controllers/users_controller.rb:11
  [1m[36mUser Exists (0.7ms)[0m  [1m[34mSELECT  1 AS one FROM "users" WHERE "users"."username" = $1 LIMIT $2[0m  [["username", "test"], ["LIMIT", 1]]
  ↳ app/controllers/users_controller.rb:11
  [1m[36mUser Create (0.8ms)[0m  [1m[32mINSERT INTO "users" ("username", "password_digest", "session_token", "created_at", "updated_at") VALUES ($1, $2, $3, $4, $5) RETURNING "id"[0m  [["username", "test"], ["password_digest", "$2a$12$F.Cbb.nLPZFZkaweRK7VU.TT8gHStTuOJCfPjbOMfU9bblqHR59uq"], ["session_token", "DavKAeJI_-uvPAYTx3Ebtw"], ["created_at", "2021-11-19 20:29:46.479969"], ["updated_at", "2021-11-19 20:29:46.479969"]]
  ↳ app/controllers/users_controller.rb:11
  [1m[35m (3.1ms)[0m  [1m[35mCOMMIT[0m
  ↳ app/controllers/users_controller.rb:11
  [1m[35m (0.3ms)[0m  [1m[35mBEGIN[0m
  ↳ app/models/user.rb:24
  [1m[36mUser Exists (0.8ms)[0m  [1m[34mSELECT  1 AS one FROM "users" WHERE "users"."username" = $1 AND "users"."id" != $2 LIMIT $3[0m  [["username", "test"], ["id", 1], ["LIMIT", 1]]
  ↳ app/models/user.rb:24
  [1m[36mUser Update (0.5ms)[0m  [1m[33mUPDATE "users" SET "session_token" = $1, "updated_at" = $2 WHERE "users"."id" = $3[0m  [["session_token", "wFQVTPn11rXbB0dd0Fv5UQ"], ["updated_at", "2021-11-19 20:29:46.492346"], ["id", 1]]
  ↳ app/models/user.rb:24
  [1m[35m (2.3ms)[0m  [1m[35mCOMMIT[0m
  ↳ app/models/user.rb:24
Redirected to http://localhost:3000/users/1
Completed 302 Found in 282ms (ActiveRecord: 11.9ms)


Started GET "/users/1" for 127.0.0.1 at 2021-11-19 15:29:46 -0500
Processing by UsersController#show as HTML
  Parameters: {"id"=>"1"}
  [1m[36mUser Load (0.5ms)[0m  [1m[34mSELECT  "users".* FROM "users" WHERE "users"."session_token" = $1 LIMIT $2[0m  [["session_token", "wFQVTPn11rXbB0dd0Fv5UQ"], ["LIMIT", 1]]
  ↳ app/controllers/application_controller.rb:6
  [1m[36mUser Load (0.4ms)[0m  [1m[34mSELECT  "users".* FROM "users" WHERE "users"."id" = $1 LIMIT $2[0m  [["id", 1], ["LIMIT", 1]]
  ↳ app/controllers/users_controller.rb:26
Redirected to http://localhost:3000/users/1
Completed 302 Found in 11ms (ActiveRecord: 0.9ms)


Started GET "/users/1" for 127.0.0.1 at 2021-11-19 15:29:46 -0500
Processing by UsersController#show as HTML
  Parameters: {"id"=>"1"}
  [1m[36mUser Load (0.5ms)[0m  [1m[34mSELECT  "users".* FROM "users" WHERE "users"."session_token" = $1 LIMIT $2[0m  [["session_token", "wFQVTPn11rXbB0dd0Fv5UQ"], ["LIMIT", 1]]
  ↳ app/controllers/application_controller.rb:6
  [1m[36mUser Load (0.4ms)[0m  [1m[34mSELECT  "users".* FROM "users" WHERE "users"."id" = $1 LIMIT $2[0m  [["id", 1], ["LIMIT", 1]]
  ↳ app/controllers/users_controller.rb:26
Redirected to http://localhost:3000/users/1
Completed 302 Found in 7ms (ActiveRecord: 1.0ms)


Started GET "/users/1" for 127.0.0.1 at 2021-11-19 15:29:46 -0500
Processing by UsersController#show as HTML
  Parameters: {"id"=>"1"}
  [1m[36mUser Load (0.6ms)[0m  [1m[34mSELECT  "users".* FROM "users" WHERE "users"."session_token" = $1 LIMIT $2[0m  [["session_token", "wFQVTPn11rXbB0dd0Fv5UQ"], ["LIMIT", 1]]
  ↳ app/controllers/application_controller.rb:6
  [1m[36mUser Load (0.6ms)[0m  [1m[34mSELECT  "users".* FROM "users" WHERE "users"."id" = $1 LIMIT $2[0m  [["id", 1], ["LIMIT", 1]]
  ↳ app/controllers/users_controller.rb:26
Redirected to http://localhost:3000/users/1
Completed 302 Found in 6ms (ActiveRecord: 1.2ms)


Started GET "/users/1" for 127.0.0.1 at 2021-11-19 15:29:46 -0500
Processing by UsersController#show as HTML
  Parameters: {"id"=>"1"}
  [1m[36mUser Load (0.5ms)[0m  [1m[34mSELECT  "users".* FROM "users" WHERE "users"."session_token" = $1 LIMIT $2[0m  [["session_token", "wFQVTPn11rXbB0dd0Fv5UQ"], ["LIMIT", 1]]
  ↳ app/controllers/application_controller.rb:6
  [1m[36mUser Load (0.5ms)[0m  [1m[34mSELECT  "users".* FROM "users" WHERE "users"."id" = $1 LIMIT $2[0m  [["id", 1], ["LIMIT", 1]]
  ↳ app/controllers/users_controller.rb:26
Redirected to http://localhost:3000/users/1
Completed 302 Found in 6ms (ActiveRecord: 1.0ms)


Started GET "/users/1" for 127.0.0.1 at 2021-11-19 15:29:46 -0500
Processing by UsersController#show as HTML
  Parameters: {"id"=>"1"}
  [1m[36mUser Load (0.6ms)[0m  [1m[34mSELECT  "users".* FROM "users" WHERE "users"."session_token" = $1 LIMIT $2[0m  [["session_token", "wFQVTPn11rXbB0dd0Fv5UQ"], ["LIMIT", 1]]
  ↳ app/controllers/application_controller.rb:6
  [1m[36mUser Load (0.5ms)[0m  [1m[34mSELECT  "users".* FROM "users" WHERE "users"."id" = $1 LIMIT $2[0m  [["id", 1], ["LIMIT", 1]]
  ↳ app/controllers/users_controller.rb:26
Redirected to http://localhost:3000/users/1
Completed 302 Found in 7ms (ActiveRecord: 1.1ms)


Started GET "/users/1" for 127.0.0.1 at 2021-11-19 15:29:46 -0500
Processing by UsersController#show as HTML
  Parameters: {"id"=>"1"}
  [1m[36mUser Load (0.6ms)[0m  [1m[34mSELECT  "users".* FROM "users" WHERE "users"."session_token" = $1 LIMIT $2[0m  [["session_token", "wFQVTPn11rXbB0dd0Fv5UQ"], ["LIMIT", 1]]
  ↳ app/controllers/application_controller.rb:6
  [1m[36mUser Load (0.5ms)[0m  [1m[34mSELECT  "users".* FROM "users" WHERE "users"."id" = $1 LIMIT $2[0m  [["id", 1], ["LIMIT", 1]]
  ↳ app/controllers/users_controller.rb:26
Redirected to http://localhost:3000/users/1
Completed 302 Found in 7ms (ActiveRecord: 1.1ms)


Started GET "/users/1" for 127.0.0.1 at 2021-11-19 15:29:46 -0500
Processing by UsersController#show as HTML
  Parameters: {"id"=>"1"}
  [1m[36mUser Load (0.4ms)[0m  [1m[34mSELECT  "users".* FROM "users" WHERE "users"."session_token" = $1 LIMIT $2[0m  [["session_token", "wFQVTPn11rXbB0dd0Fv5UQ"], ["LIMIT", 1]]
  ↳ app/controllers/application_controller.rb:6
  [1m[36mUser Load (0.3ms)[0m  [1m[34mSELECT  "users".* FROM "users" WHERE "users"."id" = $1 LIMIT $2[0m  [["id", 1], ["LIMIT", 1]]
  ↳ app/controllers/users_controller.rb:26
Redirected to http://localhost:3000/users/1
Completed 302 Found in 5ms (ActiveRecord: 0.8ms)


Started GET "/users/1" for 127.0.0.1 at 2021-11-19 15:29:46 -0500
Processing by UsersController#show as HTML
  Parameters: {"id"=>"1"}
  [1m[36mUser Load (0.5ms)[0m  [1m[34mSELECT  "users".* FROM "users" WHERE "users"."session_token" = $1 LIMIT $2[0m  [["session_token", "wFQVTPn11rXbB0dd0Fv5UQ"], ["LIMIT", 1]]
  ↳ app/controllers/application_controller.rb:6
  [1m[36mUser Load (0.4ms)[0m  [1m[34mSELECT  "users".* FROM "users" WHERE "users"."id" = $1 LIMIT $2[0m  [["id", 1], ["LIMIT", 1]]
  ↳ app/controllers/users_controller.rb:26
Redirected to http://localhost:3000/users/1
Completed 302 Found in 6ms (ActiveRecord: 1.0ms)


Started GET "/users/1" for 127.0.0.1 at 2021-11-19 15:29:46 -0500
Processing by UsersController#show as HTML
  Parameters: {"id"=>"1"}
  [1m[36mUser Load (0.4ms)[0m  [1m[34mSELECT  "users".* FROM "users" WHERE "users"."session_token" = $1 LIMIT $2[0m  [["session_token", "wFQVTPn11rXbB0dd0Fv5UQ"], ["LIMIT", 1]]
  ↳ app/controllers/application_controller.rb:6
  [1m[36mUser Load (0.4ms)[0m  [1m[34mSELECT  "users".* FROM "users" WHERE "users"."id" = $1 LIMIT $2[0m  [["id", 1], ["LIMIT", 1]]
  ↳ app/controllers/users_controller.rb:26
Redirected to http://localhost:3000/users/1
Completed 302 Found in 6ms (ActiveRecord: 0.9ms)


Started GET "/users/1" for 127.0.0.1 at 2021-11-19 15:29:46 -0500
Processing by UsersController#show as HTML
  Parameters: {"id"=>"1"}
  [1m[36mUser Load (0.8ms)[0m  [1m[34mSELECT  "users".* FROM "users" WHERE "users"."session_token" = $1 LIMIT $2[0m  [["session_token", "wFQVTPn11rXbB0dd0Fv5UQ"], ["LIMIT", 1]]
  ↳ app/controllers/application_controller.rb:6
  [1m[36mUser Load (0.4ms)[0m  [1m[34mSELECT  "users".* FROM "users" WHERE "users"."id" = $1 LIMIT $2[0m  [["id", 1], ["LIMIT", 1]]
  ↳ app/controllers/users_controller.rb:26
Redirected to http://localhost:3000/users/1
Completed 302 Found in 7ms (ActiveRecord: 1.2ms)


Started GET "/users/1" for 127.0.0.1 at 2021-11-19 15:29:46 -0500
Processing by UsersController#show as HTML
  Parameters: {"id"=>"1"}
  [1m[36mUser Load (0.4ms)[0m  [1m[34mSELECT  "users".* FROM "users" WHERE "users"."session_token" = $1 LIMIT $2[0m  [["session_token", "wFQVTPn11rXbB0dd0Fv5UQ"], ["LIMIT", 1]]
  ↳ app/controllers/application_controller.rb:6
  [1m[36mUser Load (0.4ms)[0m  [1m[34mSELECT  "users".* FROM "users" WHERE "users"."id" = $1 LIMIT $2[0m  [["id", 1], ["LIMIT", 1]]
  ↳ app/controllers/users_controller.rb:26
Redirected to http://localhost:3000/users/1
Completed 302 Found in 6ms (ActiveRecord: 0.8ms)


Started GET "/users/1" for 127.0.0.1 at 2021-11-19 15:29:46 -0500
Processing by UsersController#show as HTML
  Parameters: {"id"=>"1"}
  [1m[36mUser Load (0.6ms)[0m  [1m[34mSELECT  "users".* FROM "users" WHERE "users"."session_token" = $1 LIMIT $2[0m  [["session_token", "wFQVTPn11rXbB0dd0Fv5UQ"], ["LIMIT", 1]]
  ↳ app/controllers/application_controller.rb:6
  [1m[36mUser Load (0.6ms)[0m  [1m[34mSELECT  "users".* FROM "users" WHERE "users"."id" = $1 LIMIT $2[0m  [["id", 1], ["LIMIT", 1]]
  ↳ app/controllers/users_controller.rb:26
Redirected to http://localhost:3000/users/1
Completed 302 Found in 8ms (ActiveRecord: 1.2ms)


Started GET "/users/1" for 127.0.0.1 at 2021-11-19 15:29:46 -0500
Processing by UsersController#show as HTML
  Parameters: {"id"=>"1"}
  [1m[36mUser Load (0.5ms)[0m  [1m[34mSELECT  "users".* FROM "users" WHERE "users"."session_token" = $1 LIMIT $2[0m  [["session_token", "wFQVTPn11rXbB0dd0Fv5UQ"], ["LIMIT", 1]]
  ↳ app/controllers/application_controller.rb:6
  [1m[36mUser Load (0.4ms)[0m  [1m[34mSELECT  "users".* FROM "users" WHERE "users"."id" = $1 LIMIT $2[0m  [["id", 1], ["LIMIT", 1]]
  ↳ app/controllers/users_controller.rb:26
Redirected to http://localhost:3000/users/1
Completed 302 Found in 6ms (ActiveRecord: 0.9ms)


Started GET "/users/1" for 127.0.0.1 at 2021-11-19 15:29:47 -0500
Processing by UsersController#show as HTML
  Parameters: {"id"=>"1"}
  [1m[36mUser Load (0.6ms)[0m  [1m[34mSELECT  "users".* FROM "users" WHERE "users"."session_token" = $1 LIMIT $2[0m  [["session_token", "wFQVTPn11rXbB0dd0Fv5UQ"], ["LIMIT", 1]]
  ↳ app/controllers/application_controller.rb:6
  [1m[36mUser Load (0.7ms)[0m  [1m[34mSELECT  "users".* FROM "users" WHERE "users"."id" = $1 LIMIT $2[0m  [["id", 1], ["LIMIT", 1]]
  ↳ app/controllers/users_controller.rb:26
Redirected to http://localhost:3000/users/1
Completed 302 Found in 8ms (ActiveRecord: 1.3ms)


Started GET "/users/1" for 127.0.0.1 at 2021-11-19 15:29:47 -0500
Processing by UsersController#show as HTML
  Parameters: {"id"=>"1"}
  [1m[36mUser Load (0.5ms)[0m  [1m[34mSELECT  "users".* FROM "users" WHERE "users"."session_token" = $1 LIMIT $2[0m  [["session_token", "wFQVTPn11rXbB0dd0Fv5UQ"], ["LIMIT", 1]]
  ↳ app/controllers/application_controller.rb:6
  [1m[36mUser Load (0.7ms)[0m  [1m[34mSELECT  "users".* FROM "users" WHERE "users"."id" = $1 LIMIT $2[0m  [["id", 1], ["LIMIT", 1]]
  ↳ app/controllers/users_controller.rb:26
Redirected to http://localhost:3000/users/1
Completed 302 Found in 9ms (ActiveRecord: 1.1ms)


Started GET "/users/1" for 127.0.0.1 at 2021-11-19 15:29:47 -0500
Processing by UsersController#show as HTML
  Parameters: {"id"=>"1"}
  [1m[36mUser Load (0.5ms)[0m  [1m[34mSELECT  "users".* FROM "users" WHERE "users"."session_token" = $1 LIMIT $2[0m  [["session_token", "wFQVTPn11rXbB0dd0Fv5UQ"], ["LIMIT", 1]]
  ↳ app/controllers/application_controller.rb:6
  [1m[36mUser Load (0.4ms)[0m  [1m[34mSELECT  "users".* FROM "users" WHERE "users"."id" = $1 LIMIT $2[0m  [["id", 1], ["LIMIT", 1]]
  ↳ app/controllers/users_controller.rb:26
Redirected to http://localhost:3000/users/1
Completed 302 Found in 8ms (ActiveRecord: 0.9ms)


Started GET "/users/1" for 127.0.0.1 at 2021-11-19 15:29:47 -0500
Processing by UsersController#show as HTML
  Parameters: {"id"=>"1"}
  [1m[36mUser Load (0.6ms)[0m  [1m[34mSELECT  "users".* FROM "users" WHERE "users"."session_token" = $1 LIMIT $2[0m  [["session_token", "wFQVTPn11rXbB0dd0Fv5UQ"], ["LIMIT", 1]]
  ↳ app/controllers/application_controller.rb:6
  [1m[36mUser Load (0.5ms)[0m  [1m[34mSELECT  "users".* FROM "users" WHERE "users"."id" = $1 LIMIT $2[0m  [["id", 1], ["LIMIT", 1]]
  ↳ app/controllers/users_controller.rb:26
Redirected to http://localhost:3000/users/1
Completed 302 Found in 7ms (ActiveRecord: 1.1ms)


Started GET "/users/1" for 127.0.0.1 at 2021-11-19 15:29:47 -0500
Processing by UsersController#show as HTML
  Parameters: {"id"=>"1"}
  [1m[36mUser Load (0.6ms)[0m  [1m[34mSELECT  "users".* FROM "users" WHERE "users"."session_token" = $1 LIMIT $2[0m  [["session_token", "wFQVTPn11rXbB0dd0Fv5UQ"], ["LIMIT", 1]]
  ↳ app/controllers/application_controller.rb:6
  [1m[36mUser Load (0.5ms)[0m  [1m[34mSELECT  "users".* FROM "users" WHERE "users"."id" = $1 LIMIT $2[0m  [["id", 1], ["LIMIT", 1]]
  ↳ app/controllers/users_controller.rb:26
Redirected to http://localhost:3000/users/1
Completed 302 Found in 7ms (ActiveRecord: 1.1ms)


Started GET "/users/1" for 127.0.0.1 at 2021-11-19 15:29:47 -0500
Processing by UsersController#show as HTML
  Parameters: {"id"=>"1"}
  [1m[36mUser Load (0.8ms)[0m  [1m[34mSELECT  "users".* FROM "users" WHERE "users"."session_token" = $1 LIMIT $2[0m  [["session_token", "wFQVTPn11rXbB0dd0Fv5UQ"], ["LIMIT", 1]]
  ↳ app/controllers/application_controller.rb:6
  [1m[36mUser Load (0.6ms)[0m  [1m[34mSELECT  "users".* FROM "users" WHERE "users"."id" = $1 LIMIT $2[0m  [["id", 1], ["LIMIT", 1]]
  ↳ app/controllers/users_controller.rb:26
Redirected to http://localhost:3000/users/1
Completed 302 Found in 8ms (ActiveRecord: 1.3ms)


Started GET "/users/1" for 127.0.0.1 at 2021-11-19 15:29:48 -0500
Processing by UsersController#show as HTML
  Parameters: {"id"=>"1"}
  [1m[36mUser Load (0.4ms)[0m  [1m[34mSELECT  "users".* FROM "users" WHERE "users"."session_token" = $1 LIMIT $2[0m  [["session_token", "wFQVTPn11rXbB0dd0Fv5UQ"], ["LIMIT", 1]]
  ↳ app/controllers/application_controller.rb:6
  [1m[36mUser Load (0.4ms)[0m  [1m[34mSELECT  "users".* FROM "users" WHERE "users"."id" = $1 LIMIT $2[0m  [["id", 1], ["LIMIT", 1]]
  ↳ app/controllers/users_controller.rb:26
Redirected to http://localhost:3000/users/1
Completed 302 Found in 5ms (ActiveRecord: 0.7ms)


Started GET "/users/1" for 127.0.0.1 at 2021-11-19 15:29:48 -0500
Processing by UsersController#show as HTML
  Parameters: {"id"=>"1"}
  [1m[36mUser Load (0.4ms)[0m  [1m[34mSELECT  "users".* FROM "users" WHERE "users"."session_token" = $1 LIMIT $2[0m  [["session_token", "wFQVTPn11rXbB0dd0Fv5UQ"], ["LIMIT", 1]]
  ↳ app/controllers/application_controller.rb:6
  [1m[36mUser Load (0.4ms)[0m  [1m[34mSELECT  "users".* FROM "users" WHERE "users"."id" = $1 LIMIT $2[0m  [["id", 1], ["LIMIT", 1]]
  ↳ app/controllers/users_controller.rb:26
Redirected to http://localhost:3000/users/1
Completed 302 Found in 6ms (ActiveRecord: 0.8ms)


Started GET "/users/1" for 127.0.0.1 at 2021-11-19 15:29:48 -0500
Processing by UsersController#show as HTML
  Parameters: {"id"=>"1"}
  [1m[36mUser Load (0.5ms)[0m  [1m[34mSELECT  "users".* FROM "users" WHERE "users"."session_token" = $1 LIMIT $2[0m  [["session_token", "wFQVTPn11rXbB0dd0Fv5UQ"], ["LIMIT", 1]]
  ↳ app/controllers/application_controller.rb:6
  [1m[36mUser Load (0.8ms)[0m  [1m[34mSELECT  "users".* FROM "users" WHERE "users"."id" = $1 LIMIT $2[0m  [["id", 1], ["LIMIT", 1]]
  ↳ app/controllers/users_controller.rb:26
Redirected to http://localhost:3000/users/1
Completed 302 Found in 6ms (ActiveRecord: 1.3ms)


Started GET "/users/1" for 127.0.0.1 at 2021-11-19 15:29:48 -0500
Processing by UsersController#show as HTML
  Parameters: {"id"=>"1"}
  [1m[36mUser Load (0.5ms)[0m  [1m[34mSELECT  "users".* FROM "users" WHERE "users"."session_token" = $1 LIMIT $2[0m  [["session_token", "wFQVTPn11rXbB0dd0Fv5UQ"], ["LIMIT", 1]]
  ↳ app/controllers/application_controller.rb:6
  [1m[36mUser Load (0.5ms)[0m  [1m[34mSELECT  "users".* FROM "users" WHERE "users"."id" = $1 LIMIT $2[0m  [["id", 1], ["LIMIT", 1]]
  ↳ app/controllers/users_controller.rb:26
Redirected to http://localhost:3000/users/1
Completed 302 Found in 7ms (ActiveRecord: 1.0ms)


Started GET "/users/1" for 127.0.0.1 at 2021-11-19 15:29:48 -0500
Processing by UsersController#show as HTML
  Parameters: {"id"=>"1"}
  [1m[36mUser Load (0.5ms)[0m  [1m[34mSELECT  "users".* FROM "users" WHERE "users"."session_token" = $1 LIMIT $2[0m  [["session_token", "wFQVTPn11rXbB0dd0Fv5UQ"], ["LIMIT", 1]]
  ↳ app/controllers/application_controller.rb:6
  [1m[36mUser Load (0.3ms)[0m  [1m[34mSELECT  "users".* FROM "users" WHERE "users"."id" = $1 LIMIT $2[0m  [["id", 1], ["LIMIT", 1]]
  ↳ app/controllers/users_controller.rb:26
Redirected to http://localhost:3000/users/1
Completed 302 Found in 5ms (ActiveRecord: 0.8ms)


Started GET "/users/1" for 127.0.0.1 at 2021-11-19 15:29:48 -0500
Processing by UsersController#show as HTML
  Parameters: {"id"=>"1"}
  [1m[36mUser Load (0.4ms)[0m  [1m[34mSELECT  "users".* FROM "users" WHERE "users"."session_token" = $1 LIMIT $2[0m  [["session_token", "wFQVTPn11rXbB0dd0Fv5UQ"], ["LIMIT", 1]]
  ↳ app/controllers/application_controller.rb:6
  [1m[36mUser Load (0.4ms)[0m  [1m[34mSELECT  "users".* FROM "users" WHERE "users"."id" = $1 LIMIT $2[0m  [["id", 1], ["LIMIT", 1]]
  ↳ app/controllers/users_controller.rb:26
Redirected to http://localhost:3000/users/1
Completed 302 Found in 5ms (ActiveRecord: 0.8ms)


Started GET "/users/1" for 127.0.0.1 at 2021-11-19 15:29:48 -0500
Processing by UsersController#show as HTML
  Parameters: {"id"=>"1"}
  [1m[36mUser Load (0.4ms)[0m  [1m[34mSELECT  "users".* FROM "users" WHERE "users"."session_token" = $1 LIMIT $2[0m  [["session_token", "wFQVTPn11rXbB0dd0Fv5UQ"], ["LIMIT", 1]]
  ↳ app/controllers/application_controller.rb:6
  [1m[36mUser Load (0.3ms)[0m  [1m[34mSELECT  "users".* FROM "users" WHERE "users"."id" = $1 LIMIT $2[0m  [["id", 1], ["LIMIT", 1]]
  ↳ app/controllers/users_controller.rb:26
Redirected to http://localhost:3000/users/1
Completed 302 Found in 6ms (ActiveRecord: 0.7ms)


Started GET "/users/1" for 127.0.0.1 at 2021-11-19 15:29:48 -0500
Processing by UsersController#show as HTML
  Parameters: {"id"=>"1"}
  [1m[36mUser Load (0.4ms)[0m  [1m[34mSELECT  "users".* FROM "users" WHERE "users"."session_token" = $1 LIMIT $2[0m  [["session_token", "wFQVTPn11rXbB0dd0Fv5UQ"], ["LIMIT", 1]]
  ↳ app/controllers/application_controller.rb:6
  [1m[36mUser Load (0.4ms)[0m  [1m[34mSELECT  "users".* FROM "users" WHERE "users"."id" = $1 LIMIT $2[0m  [["id", 1], ["LIMIT", 1]]
  ↳ app/controllers/users_controller.rb:26
Redirected to http://localhost:3000/users/1
Completed 302 Found in 6ms (ActiveRecord: 0.8ms)


Started GET "/users/1" for 127.0.0.1 at 2021-11-19 15:29:48 -0500
Processing by UsersController#show as HTML
  Parameters: {"id"=>"1"}
  [1m[36mUser Load (0.5ms)[0m  [1m[34mSELECT  "users".* FROM "users" WHERE "users"."session_token" = $1 LIMIT $2[0m  [["session_token", "wFQVTPn11rXbB0dd0Fv5UQ"], ["LIMIT", 1]]
  ↳ app/controllers/application_controller.rb:6
  [1m[36mUser Load (0.4ms)[0m  [1m[34mSELECT  "users".* FROM "users" WHERE "users"."id" = $1 LIMIT $2[0m  [["id", 1], ["LIMIT", 1]]
  ↳ app/controllers/users_controller.rb:26
Redirected to http://localhost:3000/users/1
Completed 302 Found in 6ms (ActiveRecord: 0.9ms)


Started GET "/users/1" for 127.0.0.1 at 2021-11-19 15:29:48 -0500
Processing by UsersController#show as HTML
  Parameters: {"id"=>"1"}
  [1m[36mUser Load (0.4ms)[0m  [1m[34mSELECT  "users".* FROM "users" WHERE "users"."session_token" = $1 LIMIT $2[0m  [["session_token", "wFQVTPn11rXbB0dd0Fv5UQ"], ["LIMIT", 1]]
  ↳ app/controllers/application_controller.rb:6
  [1m[36mUser Load (0.4ms)[0m  [1m[34mSELECT  "users".* FROM "users" WHERE "users"."id" = $1 LIMIT $2[0m  [["id", 1], ["LIMIT", 1]]
  ↳ app/controllers/users_controller.rb:26
Redirected to http://localhost:3000/users/1
Completed 302 Found in 6ms (ActiveRecord: 0.8ms)


Started GET "/users/1" for 127.0.0.1 at 2021-11-19 15:29:48 -0500
Processing by UsersController#show as HTML
  Parameters: {"id"=>"1"}
  [1m[36mUser Load (0.4ms)[0m  [1m[34mSELECT  "users".* FROM "users" WHERE "users"."session_token" = $1 LIMIT $2[0m  [["session_token", "wFQVTPn11rXbB0dd0Fv5UQ"], ["LIMIT", 1]]
  ↳ app/controllers/application_controller.rb:6
  [1m[36mUser Load (0.3ms)[0m  [1m[34mSELECT  "users".* FROM "users" WHERE "users"."id" = $1 LIMIT $2[0m  [["id", 1], ["LIMIT", 1]]
  ↳ app/controllers/users_controller.rb:26
Redirected to http://localhost:3000/users/1
Completed 302 Found in 5ms (ActiveRecord: 0.7ms)


Started GET "/users/1" for 127.0.0.1 at 2021-11-19 15:29:48 -0500
Processing by UsersController#show as HTML
  Parameters: {"id"=>"1"}
  [1m[36mUser Load (0.4ms)[0m  [1m[34mSELECT  "users".* FROM "users" WHERE "users"."session_token" = $1 LIMIT $2[0m  [["session_token", "wFQVTPn11rXbB0dd0Fv5UQ"], ["LIMIT", 1]]
  ↳ app/controllers/application_controller.rb:6
  [1m[36mUser Load (0.5ms)[0m  [1m[34mSELECT  "users".* FROM "users" WHERE "users"."id" = $1 LIMIT $2[0m  [["id", 1], ["LIMIT", 1]]
  ↳ app/controllers/users_controller.rb:26
Redirected to http://localhost:3000/users/1
Completed 302 Found in 6ms (ActiveRecord: 0.9ms)


Started GET "/users/1" for 127.0.0.1 at 2021-11-19 15:29:48 -0500
Processing by UsersController#show as HTML
  Parameters: {"id"=>"1"}
  [1m[36mUser Load (0.5ms)[0m  [1m[34mSELECT  "users".* FROM "users" WHERE "users"."session_token" = $1 LIMIT $2[0m  [["session_token", "wFQVTPn11rXbB0dd0Fv5UQ"], ["LIMIT", 1]]
  ↳ app/controllers/application_controller.rb:6
  [1m[36mUser Load (0.5ms)[0m  [1m[34mSELECT  "users".* FROM "users" WHERE "users"."id" = $1 LIMIT $2[0m  [["id", 1], ["LIMIT", 1]]
  ↳ app/controllers/users_controller.rb:26
Redirected to http://localhost:3000/users/1
Completed 302 Found in 7ms (ActiveRecord: 0.9ms)


Started GET "/users/1" for 127.0.0.1 at 2021-11-19 15:29:48 -0500
Processing by UsersController#show as HTML
  Parameters: {"id"=>"1"}
  [1m[36mUser Load (0.4ms)[0m  [1m[34mSELECT  "users".* FROM "users" WHERE "users"."session_token" = $1 LIMIT $2[0m  [["session_token", "wFQVTPn11rXbB0dd0Fv5UQ"], ["LIMIT", 1]]
  ↳ app/controllers/application_controller.rb:6
  [1m[36mUser Load (0.4ms)[0m  [1m[34mSELECT  "users".* FROM "users" WHERE "users"."id" = $1 LIMIT $2[0m  [["id", 1], ["LIMIT", 1]]
  ↳ app/controllers/users_controller.rb:26
Redirected to http://localhost:3000/users/1
Completed 302 Found in 7ms (ActiveRecord: 0.8ms)


Started GET "/users/1" for 127.0.0.1 at 2021-11-19 15:29:48 -0500
Processing by UsersController#show as HTML
  Parameters: {"id"=>"1"}
  [1m[36mUser Load (0.5ms)[0m  [1m[34mSELECT  "users".* FROM "users" WHERE "users"."session_token" = $1 LIMIT $2[0m  [["session_token", "wFQVTPn11rXbB0dd0Fv5UQ"], ["LIMIT", 1]]
  ↳ app/controllers/application_controller.rb:6
  [1m[36mUser Load (0.5ms)[0m  [1m[34mSELECT  "users".* FROM "users" WHERE "users"."id" = $1 LIMIT $2[0m  [["id", 1], ["LIMIT", 1]]
  ↳ app/controllers/users_controller.rb:26
Redirected to http://localhost:3000/users/1
Completed 302 Found in 7ms (ActiveRecord: 1.0ms)


Started GET "/users/1" for 127.0.0.1 at 2021-11-19 15:29:48 -0500
Processing by UsersController#show as HTML
  Parameters: {"id"=>"1"}
  [1m[36mUser Load (0.5ms)[0m  [1m[34mSELECT  "users".* FROM "users" WHERE "users"."session_token" = $1 LIMIT $2[0m  [["session_token", "wFQVTPn11rXbB0dd0Fv5UQ"], ["LIMIT", 1]]
  ↳ app/controllers/application_controller.rb:6
  [1m[36mUser Load (0.5ms)[0m  [1m[34mSELECT  "users".* FROM "users" WHERE "users"."id" = $1 LIMIT $2[0m  [["id", 1], ["LIMIT", 1]]
  ↳ app/controllers/users_controller.rb:26
Redirected to http://localhost:3000/users/1
Completed 302 Found in 9ms (ActiveRecord: 1.0ms)


Started GET "/users/1" for 127.0.0.1 at 2021-11-19 15:29:48 -0500
Processing by UsersController#show as HTML
  Parameters: {"id"=>"1"}
  [1m[36mUser Load (0.5ms)[0m  [1m[34mSELECT  "users".* FROM "users" WHERE "users"."session_token" = $1 LIMIT $2[0m  [["session_token", "wFQVTPn11rXbB0dd0Fv5UQ"], ["LIMIT", 1]]
  ↳ app/controllers/application_controller.rb:6
  [1m[36mUser Load (0.4ms)[0m  [1m[34mSELECT  "users".* FROM "users" WHERE "users"."id" = $1 LIMIT $2[0m  [["id", 1], ["LIMIT", 1]]
  ↳ app/controllers/users_controller.rb:26
Redirected to http://localhost:3000/users/1
Completed 302 Found in 6ms (ActiveRecord: 0.9ms)


Started GET "/users/1" for 127.0.0.1 at 2021-11-19 15:29:48 -0500
Processing by UsersController#show as HTML
  Parameters: {"id"=>"1"}
  [1m[36mUser Load (0.6ms)[0m  [1m[34mSELECT  "users".* FROM "users" WHERE "users"."session_token" = $1 LIMIT $2[0m  [["session_token", "wFQVTPn11rXbB0dd0Fv5UQ"], ["LIMIT", 1]]
  ↳ app/controllers/application_controller.rb:6
  [1m[36mUser Load (0.4ms)[0m  [1m[34mSELECT  "users".* FROM "users" WHERE "users"."id" = $1 LIMIT $2[0m  [["id", 1], ["LIMIT", 1]]
  ↳ app/controllers/users_controller.rb:26
Redirected to http://localhost:3000/users/1
Completed 302 Found in 7ms (ActiveRecord: 1.0ms)


Started GET "/users/1" for 127.0.0.1 at 2021-11-19 15:29:49 -0500
Processing by UsersController#show as HTML
  Parameters: {"id"=>"1"}
  [1m[36mUser Load (0.6ms)[0m  [1m[34mSELECT  "users".* FROM "users" WHERE "users"."session_token" = $1 LIMIT $2[0m  [["session_token", "wFQVTPn11rXbB0dd0Fv5UQ"], ["LIMIT", 1]]
  ↳ app/controllers/application_controller.rb:6
  [1m[36mUser Load (0.4ms)[0m  [1m[34mSELECT  "users".* FROM "users" WHERE "users"."id" = $1 LIMIT $2[0m  [["id", 1], ["LIMIT", 1]]
  ↳ app/controllers/users_controller.rb:26
Redirected to http://localhost:3000/users/1
Completed 302 Found in 7ms (ActiveRecord: 1.0ms)


Started GET "/users/1" for 127.0.0.1 at 2021-11-19 15:29:49 -0500
Processing by UsersController#show as HTML
  Parameters: {"id"=>"1"}
  [1m[36mUser Load (0.5ms)[0m  [1m[34mSELECT  "users".* FROM "users" WHERE "users"."session_token" = $1 LIMIT $2[0m  [["session_token", "wFQVTPn11rXbB0dd0Fv5UQ"], ["LIMIT", 1]]
  ↳ app/controllers/application_controller.rb:6
  [1m[36mUser Load (0.4ms)[0m  [1m[34mSELECT  "users".* FROM "users" WHERE "users"."id" = $1 LIMIT $2[0m  [["id", 1], ["LIMIT", 1]]
  ↳ app/controllers/users_controller.rb:26
Redirected to http://localhost:3000/users/1
Completed 302 Found in 7ms (ActiveRecord: 0.9ms)


Started GET "/users/1" for 127.0.0.1 at 2021-11-19 15:29:54 -0500
Processing by UsersController#show as HTML
  Parameters: {"id"=>"1"}
  [1m[36mUser Load (0.5ms)[0m  [1m[34mSELECT  "users".* FROM "users" WHERE "users"."session_token" = $1 LIMIT $2[0m  [["session_token", "wFQVTPn11rXbB0dd0Fv5UQ"], ["LIMIT", 1]]
  ↳ app/controllers/application_controller.rb:6
  [1m[36mUser Load (0.3ms)[0m  [1m[34mSELECT  "users".* FROM "users" WHERE "users"."id" = $1 LIMIT $2[0m  [["id", 1], ["LIMIT", 1]]
  ↳ app/controllers/users_controller.rb:26
Redirected to http://localhost:3000/users/1
Completed 302 Found in 5ms (ActiveRecord: 0.8ms)


Started GET "/users/1" for 127.0.0.1 at 2021-11-19 15:29:54 -0500
Processing by UsersController#show as HTML
  Parameters: {"id"=>"1"}
  [1m[36mUser Load (0.5ms)[0m  [1m[34mSELECT  "users".* FROM "users" WHERE "users"."session_token" = $1 LIMIT $2[0m  [["session_token", "wFQVTPn11rXbB0dd0Fv5UQ"], ["LIMIT", 1]]
  ↳ app/controllers/application_controller.rb:6
  [1m[36mUser Load (0.4ms)[0m  [1m[34mSELECT  "users".* FROM "users" WHERE "users"."id" = $1 LIMIT $2[0m  [["id", 1], ["LIMIT", 1]]
  ↳ app/controllers/users_controller.rb:26
Redirected to http://localhost:3000/users/1
Completed 302 Found in 6ms (ActiveRecord: 0.9ms)


Started GET "/users/1" for 127.0.0.1 at 2021-11-19 15:29:54 -0500
Processing by UsersController#show as HTML
  Parameters: {"id"=>"1"}
  [1m[36mUser Load (0.4ms)[0m  [1m[34mSELECT  "users".* FROM "users" WHERE "users"."session_token" = $1 LIMIT $2[0m  [["session_token", "wFQVTPn11rXbB0dd0Fv5UQ"], ["LIMIT", 1]]
  ↳ app/controllers/application_controller.rb:6
  [1m[36mUser Load (0.3ms)[0m  [1m[34mSELECT  "users".* FROM "users" WHERE "users"."id" = $1 LIMIT $2[0m  [["id", 1], ["LIMIT", 1]]
  ↳ app/controllers/users_controller.rb:26
Redirected to http://localhost:3000/users/1
Completed 302 Found in 5ms (ActiveRecord: 0.7ms)


Started GET "/users/1" for 127.0.0.1 at 2021-11-19 15:29:54 -0500
Processing by UsersController#show as HTML
  Parameters: {"id"=>"1"}
  [1m[36mUser Load (0.3ms)[0m  [1m[34mSELECT  "users".* FROM "users" WHERE "users"."session_token" = $1 LIMIT $2[0m  [["session_token", "wFQVTPn11rXbB0dd0Fv5UQ"], ["LIMIT", 1]]
  ↳ app/controllers/application_controller.rb:6
  [1m[36mUser Load (0.3ms)[0m  [1m[34mSELECT  "users".* FROM "users" WHERE "users"."id" = $1 LIMIT $2[0m  [["id", 1], ["LIMIT", 1]]
  ↳ app/controllers/users_controller.rb:26
Redirected to http://localhost:3000/users/1
Completed 302 Found in 6ms (ActiveRecord: 0.6ms)


Started GET "/users/1" for 127.0.0.1 at 2021-11-19 15:29:54 -0500
Processing by UsersController#show as HTML
  Parameters: {"id"=>"1"}
  [1m[36mUser Load (0.4ms)[0m  [1m[34mSELECT  "users".* FROM "users" WHERE "users"."session_token" = $1 LIMIT $2[0m  [["session_token", "wFQVTPn11rXbB0dd0Fv5UQ"], ["LIMIT", 1]]
  ↳ app/controllers/application_controller.rb:6
  [1m[36mUser Load (0.3ms)[0m  [1m[34mSELECT  "users".* FROM "users" WHERE "users"."id" = $1 LIMIT $2[0m  [["id", 1], ["LIMIT", 1]]
  ↳ app/controllers/users_controller.rb:26
Redirected to http://localhost:3000/users/1
Completed 302 Found in 6ms (ActiveRecord: 0.7ms)


Started GET "/users/1" for 127.0.0.1 at 2021-11-19 15:29:54 -0500
Processing by UsersController#show as HTML
  Parameters: {"id"=>"1"}
  [1m[36mUser Load (0.3ms)[0m  [1m[34mSELECT  "users".* FROM "users" WHERE "users"."session_token" = $1 LIMIT $2[0m  [["session_token", "wFQVTPn11rXbB0dd0Fv5UQ"], ["LIMIT", 1]]
  ↳ app/controllers/application_controller.rb:6
  [1m[36mUser Load (0.4ms)[0m  [1m[34mSELECT  "users".* FROM "users" WHERE "users"."id" = $1 LIMIT $2[0m  [["id", 1], ["LIMIT", 1]]
  ↳ app/controllers/users_controller.rb:26
Redirected to http://localhost:3000/users/1
Completed 302 Found in 6ms (ActiveRecord: 0.7ms)


Started GET "/users/1" for 127.0.0.1 at 2021-11-19 15:29:54 -0500
Processing by UsersController#show as HTML
  Parameters: {"id"=>"1"}
  [1m[36mUser Load (0.3ms)[0m  [1m[34mSELECT  "users".* FROM "users" WHERE "users"."session_token" = $1 LIMIT $2[0m  [["session_token", "wFQVTPn11rXbB0dd0Fv5UQ"], ["LIMIT", 1]]
  ↳ app/controllers/application_controller.rb:6
  [1m[36mUser Load (0.7ms)[0m  [1m[34mSELECT  "users".* FROM "users" WHERE "users"."id" = $1 LIMIT $2[0m  [["id", 1], ["LIMIT", 1]]
  ↳ app/controllers/users_controller.rb:26
Redirected to http://localhost:3000/users/1
Completed 302 Found in 6ms (ActiveRecord: 1.1ms)


Started GET "/users/1" for 127.0.0.1 at 2021-11-19 15:29:54 -0500
Processing by UsersController#show as HTML
  Parameters: {"id"=>"1"}
  [1m[36mUser Load (0.3ms)[0m  [1m[34mSELECT  "users".* FROM "users" WHERE "users"."session_token" = $1 LIMIT $2[0m  [["session_token", "wFQVTPn11rXbB0dd0Fv5UQ"], ["LIMIT", 1]]
  ↳ app/controllers/application_controller.rb:6
  [1m[36mUser Load (0.5ms)[0m  [1m[34mSELECT  "users".* FROM "users" WHERE "users"."id" = $1 LIMIT $2[0m  [["id", 1], ["LIMIT", 1]]
  ↳ app/controllers/users_controller.rb:26
Redirected to http://localhost:3000/users/1
Completed 302 Found in 6ms (ActiveRecord: 0.8ms)


Started GET "/users/1" for 127.0.0.1 at 2021-11-19 15:29:54 -0500
Processing by UsersController#show as HTML
  Parameters: {"id"=>"1"}
  [1m[36mUser Load (0.4ms)[0m  [1m[34mSELECT  "users".* FROM "users" WHERE "users"."session_token" = $1 LIMIT $2[0m  [["session_token", "wFQVTPn11rXbB0dd0Fv5UQ"], ["LIMIT", 1]]
  ↳ app/controllers/application_controller.rb:6
  [1m[36mUser Load (0.5ms)[0m  [1m[34mSELECT  "users".* FROM "users" WHERE "users"."id" = $1 LIMIT $2[0m  [["id", 1], ["LIMIT", 1]]
  ↳ app/controllers/users_controller.rb:26
Redirected to http://localhost:3000/users/1
Completed 302 Found in 6ms (ActiveRecord: 0.9ms)


Started GET "/users/1" for 127.0.0.1 at 2021-11-19 15:29:54 -0500
Processing by UsersController#show as HTML
  Parameters: {"id"=>"1"}
  [1m[36mUser Load (0.6ms)[0m  [1m[34mSELECT  "users".* FROM "users" WHERE "users"."session_token" = $1 LIMIT $2[0m  [["session_token", "wFQVTPn11rXbB0dd0Fv5UQ"], ["LIMIT", 1]]
  ↳ app/controllers/application_controller.rb:6
  [1m[36mUser Load (0.5ms)[0m  [1m[34mSELECT  "users".* FROM "users" WHERE "users"."id" = $1 LIMIT $2[0m  [["id", 1], ["LIMIT", 1]]
  ↳ app/controllers/users_controller.rb:26
Redirected to http://localhost:3000/users/1
Completed 302 Found in 7ms (ActiveRecord: 1.1ms)


Started GET "/users/1" for 127.0.0.1 at 2021-11-19 15:29:54 -0500
Processing by UsersController#show as HTML
  Parameters: {"id"=>"1"}
  [1m[36mUser Load (0.4ms)[0m  [1m[34mSELECT  "users".* FROM "users" WHERE "users"."session_token" = $1 LIMIT $2[0m  [["session_token", "wFQVTPn11rXbB0dd0Fv5UQ"], ["LIMIT", 1]]
  ↳ app/controllers/application_controller.rb:6
  [1m[36mUser Load (0.4ms)[0m  [1m[34mSELECT  "users".* FROM "users" WHERE "users"."id" = $1 LIMIT $2[0m  [["id", 1], ["LIMIT", 1]]
  ↳ app/controllers/users_controller.rb:26
Redirected to http://localhost:3000/users/1
Completed 302 Found in 7ms (ActiveRecord: 0.8ms)


Started GET "/users/1" for 127.0.0.1 at 2021-11-19 15:29:54 -0500
Processing by UsersController#show as HTML
  Parameters: {"id"=>"1"}
  [1m[36mUser Load (0.4ms)[0m  [1m[34mSELECT  "users".* FROM "users" WHERE "users"."session_token" = $1 LIMIT $2[0m  [["session_token", "wFQVTPn11rXbB0dd0Fv5UQ"], ["LIMIT", 1]]
  ↳ app/controllers/application_controller.rb:6
  [1m[36mUser Load (0.3ms)[0m  [1m[34mSELECT  "users".* FROM "users" WHERE "users"."id" = $1 LIMIT $2[0m  [["id", 1], ["LIMIT", 1]]
  ↳ app/controllers/users_controller.rb:26
Redirected to http://localhost:3000/users/1
Completed 302 Found in 5ms (ActiveRecord: 0.7ms)


Started GET "/users/1" for 127.0.0.1 at 2021-11-19 15:29:54 -0500
Processing by UsersController#show as HTML
  Parameters: {"id"=>"1"}
  [1m[36mUser Load (0.4ms)[0m  [1m[34mSELECT  "users".* FROM "users" WHERE "users"."session_token" = $1 LIMIT $2[0m  [["session_token", "wFQVTPn11rXbB0dd0Fv5UQ"], ["LIMIT", 1]]
  ↳ app/controllers/application_controller.rb:6
  [1m[36mUser Load (0.5ms)[0m  [1m[34mSELECT  "users".* FROM "users" WHERE "users"."id" = $1 LIMIT $2[0m  [["id", 1], ["LIMIT", 1]]
  ↳ app/controllers/users_controller.rb:26
Redirected to http://localhost:3000/users/1
Completed 302 Found in 7ms (ActiveRecord: 0.9ms)


Started GET "/users/1" for 127.0.0.1 at 2021-11-19 15:29:54 -0500
Processing by UsersController#show as HTML
  Parameters: {"id"=>"1"}
  [1m[36mUser Load (0.5ms)[0m  [1m[34mSELECT  "users".* FROM "users" WHERE "users"."session_token" = $1 LIMIT $2[0m  [["session_token", "wFQVTPn11rXbB0dd0Fv5UQ"], ["LIMIT", 1]]
  ↳ app/controllers/application_controller.rb:6
  [1m[36mUser Load (0.5ms)[0m  [1m[34mSELECT  "users".* FROM "users" WHERE "users"."id" = $1 LIMIT $2[0m  [["id", 1], ["LIMIT", 1]]
  ↳ app/controllers/users_controller.rb:26
Redirected to http://localhost:3000/users/1
Completed 302 Found in 7ms (ActiveRecord: 1.0ms)


Started GET "/users/1" for 127.0.0.1 at 2021-11-19 15:29:54 -0500
Processing by UsersController#show as HTML
  Parameters: {"id"=>"1"}
  [1m[36mUser Load (0.4ms)[0m  [1m[34mSELECT  "users".* FROM "users" WHERE "users"."session_token" = $1 LIMIT $2[0m  [["session_token", "wFQVTPn11rXbB0dd0Fv5UQ"], ["LIMIT", 1]]
  ↳ app/controllers/application_controller.rb:6
  [1m[36mUser Load (0.5ms)[0m  [1m[34mSELECT  "users".* FROM "users" WHERE "users"."id" = $1 LIMIT $2[0m  [["id", 1], ["LIMIT", 1]]
  ↳ app/controllers/users_controller.rb:26
Redirected to http://localhost:3000/users/1
Completed 302 Found in 6ms (ActiveRecord: 0.9ms)


Started GET "/users/1" for 127.0.0.1 at 2021-11-19 15:29:54 -0500
Processing by UsersController#show as HTML
  Parameters: {"id"=>"1"}
  [1m[36mUser Load (0.5ms)[0m  [1m[34mSELECT  "users".* FROM "users" WHERE "users"."session_token" = $1 LIMIT $2[0m  [["session_token", "wFQVTPn11rXbB0dd0Fv5UQ"], ["LIMIT", 1]]
  ↳ app/controllers/application_controller.rb:6
  [1m[36mUser Load (0.4ms)[0m  [1m[34mSELECT  "users".* FROM "users" WHERE "users"."id" = $1 LIMIT $2[0m  [["id", 1], ["LIMIT", 1]]
  ↳ app/controllers/users_controller.rb:26
Redirected to http://localhost:3000/users/1
Completed 302 Found in 7ms (ActiveRecord: 0.9ms)


Started GET "/users/1" for 127.0.0.1 at 2021-11-19 15:29:54 -0500
Processing by UsersController#show as HTML
  Parameters: {"id"=>"1"}
  [1m[36mUser Load (0.6ms)[0m  [1m[34mSELECT  "users".* FROM "users" WHERE "users"."session_token" = $1 LIMIT $2[0m  [["session_token", "wFQVTPn11rXbB0dd0Fv5UQ"], ["LIMIT", 1]]
  ↳ app/controllers/application_controller.rb:6
  [1m[36mUser Load (0.4ms)[0m  [1m[34mSELECT  "users".* FROM "users" WHERE "users"."id" = $1 LIMIT $2[0m  [["id", 1], ["LIMIT", 1]]
  ↳ app/controllers/users_controller.rb:26
Redirected to http://localhost:3000/users/1
Completed 302 Found in 7ms (ActiveRecord: 1.0ms)


Started GET "/users/1" for 127.0.0.1 at 2021-11-19 15:29:54 -0500
Processing by UsersController#show as HTML
  Parameters: {"id"=>"1"}
  [1m[36mUser Load (0.5ms)[0m  [1m[34mSELECT  "users".* FROM "users" WHERE "users"."session_token" = $1 LIMIT $2[0m  [["session_token", "wFQVTPn11rXbB0dd0Fv5UQ"], ["LIMIT", 1]]
  ↳ app/controllers/application_controller.rb:6
  [1m[36mUser Load (0.4ms)[0m  [1m[34mSELECT  "users".* FROM "users" WHERE "users"."id" = $1 LIMIT $2[0m  [["id", 1], ["LIMIT", 1]]
  ↳ app/controllers/users_controller.rb:26
Redirected to http://localhost:3000/users/1
Completed 302 Found in 7ms (ActiveRecord: 0.9ms)


Started GET "/users/1" for 127.0.0.1 at 2021-11-19 15:29:54 -0500
Processing by UsersController#show as HTML
  Parameters: {"id"=>"1"}
  [1m[36mUser Load (0.4ms)[0m  [1m[34mSELECT  "users".* FROM "users" WHERE "users"."session_token" = $1 LIMIT $2[0m  [["session_token", "wFQVTPn11rXbB0dd0Fv5UQ"], ["LIMIT", 1]]
  ↳ app/controllers/application_controller.rb:6
  [1m[36mUser Load (0.4ms)[0m  [1m[34mSELECT  "users".* FROM "users" WHERE "users"."id" = $1 LIMIT $2[0m  [["id", 1], ["LIMIT", 1]]
  ↳ app/controllers/users_controller.rb:26
Redirected to http://localhost:3000/users/1
Completed 302 Found in 6ms (ActiveRecord: 0.8ms)


Started GET "/users/1" for 127.0.0.1 at 2021-11-19 15:29:54 -0500
Processing by UsersController#show as HTML
  Parameters: {"id"=>"1"}
  [1m[36mUser Load (0.4ms)[0m  [1m[34mSELECT  "users".* FROM "users" WHERE "users"."session_token" = $1 LIMIT $2[0m  [["session_token", "wFQVTPn11rXbB0dd0Fv5UQ"], ["LIMIT", 1]]
  ↳ app/controllers/application_controller.rb:6
  [1m[36mUser Load (0.5ms)[0m  [1m[34mSELECT  "users".* FROM "users" WHERE "users"."id" = $1 LIMIT $2[0m  [["id", 1], ["LIMIT", 1]]
  ↳ app/controllers/users_controller.rb:26
Redirected to http://localhost:3000/users/1
Completed 302 Found in 8ms (ActiveRecord: 1.0ms)


Started GET "/users/1" for 127.0.0.1 at 2021-11-19 15:30:32 -0500
  [1m[35m (0.5ms)[0m  [1m[34mSELECT "schema_migrations"."version" FROM "schema_migrations" ORDER BY "schema_migrations"."version" ASC[0m
  ↳ /home/sam/.rbenv/versions/2.5.1/lib/ruby/gems/2.5.0/gems/activerecord-5.2.6/lib/active_record/log_subscriber.rb:98
Processing by UsersController#show as HTML
  Parameters: {"id"=>"1"}
  [1m[36mUser Load (0.6ms)[0m  [1m[34mSELECT  "users".* FROM "users" WHERE "users"."session_token" = $1 LIMIT $2[0m  [["session_token", "wFQVTPn11rXbB0dd0Fv5UQ"], ["LIMIT", 1]]
  ↳ app/controllers/application_controller.rb:6
  [1m[36mUser Load (0.5ms)[0m  [1m[34mSELECT  "users".* FROM "users" WHERE "users"."id" = $1 LIMIT $2[0m  [["id", 1], ["LIMIT", 1]]
  ↳ app/controllers/users_controller.rb:26
  Rendering users/show.html.erb within layouts/application
  Rendered users/show.html.erb within layouts/application (0.9ms)
  [1m[36mCACHE User Load (0.0ms)[0m  [1m[34mSELECT  "users".* FROM "users" WHERE "users"."session_token" = $1 LIMIT $2[0m  [["session_token", "wFQVTPn11rXbB0dd0Fv5UQ"], ["LIMIT", 1]]
  ↳ app/controllers/application_controller.rb:6
Completed 200 OK in 2026ms (Views: 1830.8ms | ActiveRecord: 6.3ms)


Started DELETE "/session" for 127.0.0.1 at 2021-11-19 15:30:39 -0500
Processing by SessionsController#destroy as HTML
  Parameters: {"authenticity_token"=>"rWGrWKTxNdLf81wGxZINOxfOjJlURWhZx/1uUDHn0qLUD0DsHcYoVfBcv0TcqMW2XJX7bvxhIAVFt8HjcQ9Lyw=="}
  [1m[36mUser Load (0.6ms)[0m  [1m[34mSELECT  "users".* FROM "users" WHERE "users"."session_token" = $1 LIMIT $2[0m  [["session_token", "wFQVTPn11rXbB0dd0Fv5UQ"], ["LIMIT", 1]]
  ↳ app/controllers/application_controller.rb:6
  [1m[36mCACHE User Load (0.0ms)[0m  [1m[34mSELECT  "users".* FROM "users" WHERE "users"."session_token" = $1 LIMIT $2[0m  [["session_token", "wFQVTPn11rXbB0dd0Fv5UQ"], ["LIMIT", 1]]
  ↳ app/controllers/application_controller.rb:6
  [1m[35m (0.3ms)[0m  [1m[35mBEGIN[0m
  ↳ app/models/user.rb:24
  [1m[36mUser Exists (0.5ms)[0m  [1m[34mSELECT  1 AS one FROM "users" WHERE "users"."username" = $1 AND "users"."id" != $2 LIMIT $3[0m  [["username", "test"], ["id", 1], ["LIMIT", 1]]
  ↳ app/models/user.rb:24
  [1m[36mUser Update (0.4ms)[0m  [1m[33mUPDATE "users" SET "session_token" = $1, "updated_at" = $2 WHERE "users"."id" = $3[0m  [["session_token", "cgkg2O3MNn15CqQHH53kBg"], ["updated_at", "2021-11-19 20:30:39.688485"], ["id", 1]]
  ↳ app/models/user.rb:24
  [1m[35m (2.4ms)[0m  [1m[35mCOMMIT[0m
  ↳ app/models/user.rb:24
  Rendering sessions/login.html.erb within layouts/application
  Rendered _credentials.html.erb (0.8ms)
  Rendered sessions/login.html.erb within layouts/application (67.9ms)
  [1m[36mUser Load (0.3ms)[0m  [1m[34mSELECT  "users".* FROM "users" WHERE "users"."session_token" IS NULL LIMIT $1[0m  [["LIMIT", 1]]
  ↳ app/controllers/application_controller.rb:6
Completed 200 OK in 634ms (Views: 619.2ms | ActiveRecord: 4.5ms)


Started POST "/session" for 127.0.0.1 at 2021-11-19 15:30:44 -0500
Processing by SessionsController#create as HTML
  Parameters: {"authenticity_token"=>"iCr9+Bi3oUS5la1V+6JBEjTIlsI/Ky07hdaqEf/iwi3xRBZMoYC8w5Y6ThfimImff5PhNZcPZWcHnAWivwpbRA==", "user"=>{"username"=>"test", "password"=>"[FILTERED]"}}
  [1m[36mUser Load (0.3ms)[0m  [1m[34mSELECT  "users".* FROM "users" WHERE "users"."username" = $1 LIMIT $2[0m  [["username", "test"], ["LIMIT", 1]]
  ↳ app/models/user.rb:10
  [1m[35m (0.3ms)[0m  [1m[35mBEGIN[0m
  ↳ app/models/user.rb:24
  [1m[36mUser Exists (0.5ms)[0m  [1m[34mSELECT  1 AS one FROM "users" WHERE "users"."username" = $1 AND "users"."id" != $2 LIMIT $3[0m  [["username", "test"], ["id", 1], ["LIMIT", 1]]
  ↳ app/models/user.rb:24
  [1m[36mUser Update (0.3ms)[0m  [1m[33mUPDATE "users" SET "session_token" = $1, "updated_at" = $2 WHERE "users"."id" = $3[0m  [["session_token", "iJB0NOJkYEBgTcwLtg3B2Q"], ["updated_at", "2021-11-19 20:30:44.971019"], ["id", 1]]
  ↳ app/models/user.rb:24
  [1m[35m (2.4ms)[0m  [1m[35mCOMMIT[0m
  ↳ app/models/user.rb:24
Redirected to http://localhost:3000/users
Completed 302 Found in 250ms (ActiveRecord: 3.8ms)


Started GET "/users" for 127.0.0.1 at 2021-11-19 15:30:44 -0500
Processing by UsersController#index as HTML
  [1m[36mUser Load (0.4ms)[0m  [1m[34mSELECT  "users".* FROM "users" WHERE "users"."session_token" = $1 LIMIT $2[0m  [["session_token", "iJB0NOJkYEBgTcwLtg3B2Q"], ["LIMIT", 1]]
  ↳ app/controllers/application_controller.rb:6
  Rendering users/index.html.erb within layouts/application
  Rendered users/index.html.erb within layouts/application (0.4ms)
  [1m[36mCACHE User Load (0.0ms)[0m  [1m[34mSELECT  "users".* FROM "users" WHERE "users"."session_token" = $1 LIMIT $2[0m  [["session_token", "iJB0NOJkYEBgTcwLtg3B2Q"], ["LIMIT", 1]]
  ↳ app/controllers/application_controller.rb:6
Completed 200 OK in 545ms (Views: 542.4ms | ActiveRecord: 0.4ms)


Started DELETE "/session" for 127.0.0.1 at 2021-11-19 15:30:52 -0500
Processing by SessionsController#destroy as HTML
  Parameters: {"authenticity_token"=>"1BbU3t14ybiC7/s1DXc4s6q+tbbOUVceCAotKxrag4CteD9qZE/UP61AGHcUTfA+4eXCQWZ1H0KKQIKYWjIa6Q=="}
  [1m[36mUser Load (0.4ms)[0m  [1m[34mSELECT  "users".* FROM "users" WHERE "users"."session_token" = $1 LIMIT $2[0m  [["session_token", "iJB0NOJkYEBgTcwLtg3B2Q"], ["LIMIT", 1]]
  ↳ app/controllers/application_controller.rb:6
  [1m[36mCACHE User Load (0.0ms)[0m  [1m[34mSELECT  "users".* FROM "users" WHERE "users"."session_token" = $1 LIMIT $2[0m  [["session_token", "iJB0NOJkYEBgTcwLtg3B2Q"], ["LIMIT", 1]]
  ↳ app/controllers/application_controller.rb:6
  [1m[35m (0.2ms)[0m  [1m[35mBEGIN[0m
  ↳ app/models/user.rb:24
  [1m[36mUser Exists (0.4ms)[0m  [1m[34mSELECT  1 AS one FROM "users" WHERE "users"."username" = $1 AND "users"."id" != $2 LIMIT $3[0m  [["username", "test"], ["id", 1], ["LIMIT", 1]]
  ↳ app/models/user.rb:24
  [1m[36mUser Update (0.5ms)[0m  [1m[33mUPDATE "users" SET "session_token" = $1, "updated_at" = $2 WHERE "users"."id" = $3[0m  [["session_token", "V4A8dyGAbjBuCzJw6TYxGw"], ["updated_at", "2021-11-19 20:30:52.103783"], ["id", 1]]
  ↳ app/models/user.rb:24
  [1m[35m (2.1ms)[0m  [1m[35mCOMMIT[0m
  ↳ app/models/user.rb:24
  Rendering sessions/login.html.erb within layouts/application
  Rendered _credentials.html.erb (0.7ms)
  Rendered sessions/login.html.erb within layouts/application (58.2ms)
  [1m[36mUser Load (0.5ms)[0m  [1m[34mSELECT  "users".* FROM "users" WHERE "users"."session_token" IS NULL LIMIT $1[0m  [["LIMIT", 1]]
  ↳ app/controllers/application_controller.rb:6
Completed 200 OK in 538ms (Views: 526.7ms | ActiveRecord: 4.0ms)


Started POST "/session" for 127.0.0.1 at 2021-11-19 15:30:55 -0500
Processing by SessionsController#create as HTML
  Parameters: {"authenticity_token"=>"4hJGorwgdcF44ihizgSN2/gP9Zcw/kh96pCaguK6S7ObfK0WBRdoRldNyyDXPkVWs1SCYJjaACFo2jUxolLS2g==", "user"=>{"username"=>"test", "password"=>"[FILTERED]"}}
  [1m[36mUser Load (0.4ms)[0m  [1m[34mSELECT  "users".* FROM "users" WHERE "users"."username" = $1 LIMIT $2[0m  [["username", "test"], ["LIMIT", 1]]
  ↳ app/models/user.rb:10
  [1m[35m (0.3ms)[0m  [1m[35mBEGIN[0m
  ↳ app/models/user.rb:24
  [1m[36mUser Exists (0.5ms)[0m  [1m[34mSELECT  1 AS one FROM "users" WHERE "users"."username" = $1 AND "users"."id" != $2 LIMIT $3[0m  [["username", "test"], ["id", 1], ["LIMIT", 1]]
  ↳ app/models/user.rb:24
  [1m[36mUser Update (0.5ms)[0m  [1m[33mUPDATE "users" SET "session_token" = $1, "updated_at" = $2 WHERE "users"."id" = $3[0m  [["session_token", "7Ak1tWsd29m5dY0E_RxznA"], ["updated_at", "2021-11-19 20:30:56.203563"], ["id", 1]]
  ↳ app/models/user.rb:24
  [1m[35m (2.5ms)[0m  [1m[35mCOMMIT[0m
  ↳ app/models/user.rb:24
Redirected to http://localhost:3000/users
Completed 302 Found in 251ms (ActiveRecord: 4.1ms)


Started GET "/users" for 127.0.0.1 at 2021-11-19 15:30:56 -0500
Processing by UsersController#index as HTML
  [1m[36mUser Load (0.6ms)[0m  [1m[34mSELECT  "users".* FROM "users" WHERE "users"."session_token" = $1 LIMIT $2[0m  [["session_token", "7Ak1tWsd29m5dY0E_RxznA"], ["LIMIT", 1]]
  ↳ app/controllers/application_controller.rb:6
  Rendering users/index.html.erb within layouts/application
  Rendered users/index.html.erb within layouts/application (0.4ms)
  [1m[36mCACHE User Load (0.0ms)[0m  [1m[34mSELECT  "users".* FROM "users" WHERE "users"."session_token" = $1 LIMIT $2[0m  [["session_token", "7Ak1tWsd29m5dY0E_RxznA"], ["LIMIT", 1]]
  ↳ app/controllers/application_controller.rb:6
Completed 200 OK in 577ms (Views: 574.3ms | ActiveRecord: 0.6ms)


Started GET "/users" for ::1 at 2021-11-19 15:31:37 -0500
Processing by UsersController#index as HTML
  [1m[36mUser Load (0.4ms)[0m  [1m[34mSELECT  "users".* FROM "users" WHERE "users"."session_token" = $1 LIMIT $2[0m  [["session_token", "7Ak1tWsd29m5dY0E_RxznA"], ["LIMIT", 1]]
  ↳ app/controllers/application_controller.rb:6
  Rendering users/index.html.erb within layouts/application
  Rendered users/index.html.erb within layouts/application (0.3ms)
  [1m[36mCACHE User Load (0.0ms)[0m  [1m[34mSELECT  "users".* FROM "users" WHERE "users"."session_token" = $1 LIMIT $2[0m  [["session_token", "7Ak1tWsd29m5dY0E_RxznA"], ["LIMIT", 1]]
  ↳ app/controllers/application_controller.rb:6
Completed 200 OK in 572ms (Views: 570.0ms | ActiveRecord: 0.4ms)


Started DELETE "/session" for ::1 at 2021-11-19 15:31:38 -0500
Processing by SessionsController#destroy as HTML
  Parameters: {"authenticity_token"=>"us0JpyjFkCyM4Aes9+pFIyrH4h3vj47oDkrhXmqV2ATDo+ITkfKNq6NP5O7u0I2uYZyV6kerxrSMAE7tKn1BbQ=="}
  [1m[36mUser Load (0.3ms)[0m  [1m[34mSELECT  "users".* FROM "users" WHERE "users"."session_token" = $1 LIMIT $2[0m  [["session_token", "7Ak1tWsd29m5dY0E_RxznA"], ["LIMIT", 1]]
  ↳ app/controllers/application_controller.rb:6
  [1m[36mCACHE User Load (0.0ms)[0m  [1m[34mSELECT  "users".* FROM "users" WHERE "users"."session_token" = $1 LIMIT $2[0m  [["session_token", "7Ak1tWsd29m5dY0E_RxznA"], ["LIMIT", 1]]
  ↳ app/controllers/application_controller.rb:6
  [1m[35m (0.2ms)[0m  [1m[35mBEGIN[0m
  ↳ app/models/user.rb:24
  [1m[36mUser Exists (0.4ms)[0m  [1m[34mSELECT  1 AS one FROM "users" WHERE "users"."username" = $1 AND "users"."id" != $2 LIMIT $3[0m  [["username", "test"], ["id", 1], ["LIMIT", 1]]
  ↳ app/models/user.rb:24
  [1m[36mUser Update (0.5ms)[0m  [1m[33mUPDATE "users" SET "session_token" = $1, "updated_at" = $2 WHERE "users"."id" = $3[0m  [["session_token", "ak3knEv-1MPYV7ZdNFE7YQ"], ["updated_at", "2021-11-19 20:31:38.808533"], ["id", 1]]
  ↳ app/models/user.rb:24
  [1m[35m (2.1ms)[0m  [1m[35mCOMMIT[0m
  ↳ app/models/user.rb:24
  Rendering sessions/login.html.erb within layouts/application
  Rendered _credentials.html.erb (0.8ms)
  Rendered sessions/login.html.erb within layouts/application (70.7ms)
  [1m[36mUser Load (0.4ms)[0m  [1m[34mSELECT  "users".* FROM "users" WHERE "users"."session_token" IS NULL LIMIT $1[0m  [["LIMIT", 1]]
  ↳ app/controllers/application_controller.rb:6
Completed 200 OK in 677ms (Views: 665.0ms | ActiveRecord: 4.0ms)


Started POST "/session" for ::1 at 2021-11-19 15:31:47 -0500
  [1m[35m (0.5ms)[0m  [1m[34mSELECT "schema_migrations"."version" FROM "schema_migrations" ORDER BY "schema_migrations"."version" ASC[0m
  ↳ /home/sam/.rbenv/versions/2.5.1/lib/ruby/gems/2.5.0/gems/activerecord-5.2.6/lib/active_record/log_subscriber.rb:98
Processing by SessionsController#create as HTML
  Parameters: {"authenticity_token"=>"9H6NQUT5+4qqmYPW/6SRc8jmQ1e/TFPl4CTFwy/7fdaNEGb1/c7mDYU2YJTmnln+g700oBdoG7libmpwbxPkvw==", "user"=>{"username"=>"test", "password"=>"[FILTERED]"}}
  [1m[36mUser Load (0.5ms)[0m  [1m[34mSELECT  "users".* FROM "users" WHERE "users"."username" = $1 LIMIT $2[0m  [["username", "test"], ["LIMIT", 1]]
  ↳ app/models/user.rb:10
  [1m[35m (0.3ms)[0m  [1m[35mBEGIN[0m
  ↳ app/models/user.rb:24
  [1m[36mUser Exists (0.5ms)[0m  [1m[34mSELECT  1 AS one FROM "users" WHERE "users"."username" = $1 AND "users"."id" != $2 LIMIT $3[0m  [["username", "test"], ["id", 1], ["LIMIT", 1]]
  ↳ app/models/user.rb:24
  [1m[36mUser Update (0.7ms)[0m  [1m[33mUPDATE "users" SET "session_token" = $1, "updated_at" = $2 WHERE "users"."id" = $3[0m  [["session_token", "7ZX9WMDZEvhH-8hqFDH_Mg"], ["updated_at", "2021-11-19 20:31:48.155918"], ["id", 1]]
  ↳ app/models/user.rb:24
  [1m[35m (3.1ms)[0m  [1m[35mCOMMIT[0m
  ↳ app/models/user.rb:24
Redirected to http://localhost:3000/users
Completed 302 Found in 412ms (ActiveRecord: 10.2ms)


Started GET "/users" for ::1 at 2021-11-19 15:31:48 -0500
Processing by UsersController#index as HTML
  [1m[36mUser Load (0.4ms)[0m  [1m[34mSELECT  "users".* FROM "users" WHERE "users"."session_token" = $1 LIMIT $2[0m  [["session_token", "7ZX9WMDZEvhH-8hqFDH_Mg"], ["LIMIT", 1]]
  ↳ app/controllers/application_controller.rb:6
  Rendering users/index.html.erb within layouts/application
  Rendered users/index.html.erb within layouts/application (1.8ms)
  [1m[36mCACHE User Load (0.0ms)[0m  [1m[34mSELECT  "users".* FROM "users" WHERE "users"."session_token" = $1 LIMIT $2[0m  [["session_token", "7ZX9WMDZEvhH-8hqFDH_Mg"], ["LIMIT", 1]]
  ↳ app/controllers/application_controller.rb:6
Completed 200 OK in 1327ms (Views: 1323.5ms | ActiveRecord: 0.4ms)


Started GET "/users" for ::1 at 2021-11-19 15:32:18 -0500
Processing by UsersController#index as HTML
  [1m[36mUser Load (0.6ms)[0m  [1m[34mSELECT  "users".* FROM "users" WHERE "users"."session_token" = $1 LIMIT $2[0m  [["session_token", "7ZX9WMDZEvhH-8hqFDH_Mg"], ["LIMIT", 1]]
  ↳ app/controllers/application_controller.rb:6
  Rendering users/index.html.erb within layouts/application
  Rendered users/index.html.erb within layouts/application (0.4ms)
  [1m[36mCACHE User Load (0.0ms)[0m  [1m[34mSELECT  "users".* FROM "users" WHERE "users"."session_token" = $1 LIMIT $2[0m  [["session_token", "7ZX9WMDZEvhH-8hqFDH_Mg"], ["LIMIT", 1]]
  ↳ app/controllers/application_controller.rb:6
Completed 200 OK in 661ms (Views: 657.3ms | ActiveRecord: 0.6ms)


Started GET "/users" for ::1 at 2021-11-19 15:32:42 -0500
Processing by UsersController#index as HTML
  [1m[36mUser Load (0.7ms)[0m  [1m[34mSELECT  "users".* FROM "users" WHERE "users"."session_token" = $1 LIMIT $2[0m  [["session_token", "7ZX9WMDZEvhH-8hqFDH_Mg"], ["LIMIT", 1]]
  ↳ app/controllers/application_controller.rb:6
  Rendering users/index.html.erb within layouts/application
  Rendered users/index.html.erb within layouts/application (0.7ms)
  [1m[36mCACHE User Load (0.0ms)[0m  [1m[34mSELECT  "users".* FROM "users" WHERE "users"."session_token" = $1 LIMIT $2[0m  [["session_token", "7ZX9WMDZEvhH-8hqFDH_Mg"], ["LIMIT", 1]]
  ↳ app/controllers/application_controller.rb:6
Completed 200 OK in 845ms (Views: 840.1ms | ActiveRecord: 0.7ms)


Started GET "/users" for ::1 at 2021-11-19 15:33:05 -0500
Processing by UsersController#index as HTML
  [1m[36mUser Load (0.5ms)[0m  [1m[34mSELECT  "users".* FROM "users" WHERE "users"."session_token" = $1 LIMIT $2[0m  [["session_token", "7ZX9WMDZEvhH-8hqFDH_Mg"], ["LIMIT", 1]]
  ↳ app/controllers/application_controller.rb:6
  Rendering users/index.html.erb within layouts/application
  [1m[36mUser Load (0.4ms)[0m  [1m[34mSELECT  "users".* FROM "users" LIMIT $1[0m  [["LIMIT", 11]]
  ↳ app/controllers/users_controller.rb:22
  [1m[36mCACHE User Load (0.0ms)[0m  [1m[34mSELECT  "users".* FROM "users" LIMIT $1[0m  [["LIMIT", 11]]
  ↳ app/controllers/users_controller.rb:22
  [1m[36mCACHE User Load (0.0ms)[0m  [1m[34mSELECT  "users".* FROM "users" LIMIT $1[0m  [["LIMIT", 11]]
  ↳ app/controllers/users_controller.rb:22
  [1m[36mCACHE User Load (0.0ms)[0m  [1m[34mSELECT  "users".* FROM "users" LIMIT $1[0m  [["LIMIT", 11]]
  ↳ app/controllers/users_controller.rb:22
  [1m[36mCACHE User Load (0.0ms)[0m  [1m[34mSELECT  "users".* FROM "users" LIMIT $1[0m  [["LIMIT", 11]]
  ↳ app/controllers/users_controller.rb:22
  [1m[36mCACHE User Load (0.0ms)[0m  [1m[34mSELECT  "users".* FROM "users" LIMIT $1[0m  [["LIMIT", 11]]
  ↳ app/controllers/users_controller.rb:22
  [1m[36mCACHE User Load (0.0ms)[0m  [1m[34mSELECT  "users".* FROM "users" LIMIT $1[0m  [["LIMIT", 11]]
  ↳ app/controllers/users_controller.rb:22
  [1m[36mCACHE User Load (0.0ms)[0m  [1m[34mSELECT  "users".* FROM "users" LIMIT $1[0m  [["LIMIT", 11]]
  ↳ app/controllers/users_controller.rb:22
  Rendered users/index.html.erb within layouts/application (547.2ms)
Completed 500 Internal Server Error in 872ms (ActiveRecord: 1.0ms)


  [1m[36mCACHE User Load (0.0ms)[0m  [1m[34mSELECT  "users".* FROM "users" LIMIT $1[0m  [["LIMIT", 11]]
  ↳ /home/sam/.rbenv/versions/2.5.1/lib/ruby/gems/2.5.0/gems/activerecord-5.2.6/lib/active_record/log_subscriber.rb:98
  [1m[36mCACHE User Load (0.0ms)[0m  [1m[34mSELECT  "users".* FROM "users" LIMIT $1[0m  [["LIMIT", 11]]
  ↳ /home/sam/.rbenv/versions/2.5.1/lib/ruby/gems/2.5.0/gems/activerecord-5.2.6/lib/active_record/log_subscriber.rb:98
  [1m[36mCACHE User Load (0.0ms)[0m  [1m[34mSELECT  "users".* FROM "users" LIMIT $1[0m  [["LIMIT", 11]]
  ↳ /home/sam/.rbenv/versions/2.5.1/lib/ruby/gems/2.5.0/gems/activerecord-5.2.6/lib/active_record/log_subscriber.rb:98
  [1m[36mCACHE User Load (0.0ms)[0m  [1m[34mSELECT  "users".* FROM "users" LIMIT $1[0m  [["LIMIT", 11]]
  ↳ /home/sam/.rbenv/versions/2.5.1/lib/ruby/gems/2.5.0/gems/activerecord-5.2.6/lib/active_record/log_subscriber.rb:98
  [1m[36mCACHE User Load (0.0ms)[0m  [1m[34mSELECT  "users".* FROM "users" LIMIT $1[0m  [["LIMIT", 11]]
  ↳ /home/sam/.rbenv/versions/2.5.1/lib/ruby/gems/2.5.0/gems/activerecord-5.2.6/lib/active_record/log_subscriber.rb:98
  [1m[36mCACHE User Load (0.0ms)[0m  [1m[34mSELECT  "users".* FROM "users" LIMIT $1[0m  [["LIMIT", 11]]
  ↳ /home/sam/.rbenv/versions/2.5.1/lib/ruby/gems/2.5.0/gems/activerecord-5.2.6/lib/active_record/log_subscriber.rb:98
  [1m[36mCACHE User Load (0.0ms)[0m  [1m[34mSELECT  "users".* FROM "users" LIMIT $1[0m  [["LIMIT", 11]]
  ↳ /home/sam/.rbenv/versions/2.5.1/lib/ruby/gems/2.5.0/gems/activerecord-5.2.6/lib/active_record/log_subscriber.rb:98
  [1m[36mCACHE User Load (0.0ms)[0m  [1m[34mSELECT  "users".* FROM "users" LIMIT $1[0m  [["LIMIT", 11]]
  ↳ /home/sam/.rbenv/versions/2.5.1/lib/ruby/gems/2.5.0/gems/activerecord-5.2.6/lib/active_record/log_subscriber.rb:98

NameError - undefined local variable or method `username' for #<#<Class:0x000055e91e370958>:0x00007f54d801f908>
Did you mean?  user_path:
  app/views/users/index.html.erb:1:in `_app_views_users_index_html_erb___2448967071154279655_70001188991780'
  app/controllers/users_controller.rb:22:in `index'

Started POST "/__better_errors/12c3a39157268fb8/variables" for ::1 at 2021-11-19 15:33:06 -0500
  [1m[36mUser Load (0.8ms)[0m  [1m[34mSELECT  "users".* FROM "users" LIMIT $1[0m  [["LIMIT", 11]]
  ↳ /home/sam/.rbenv/versions/2.5.1/lib/ruby/gems/2.5.0/gems/activerecord-5.2.6/lib/active_record/log_subscriber.rb:98
  [1m[36mCACHE User Load (0.0ms)[0m  [1m[34mSELECT  "users".* FROM "users" LIMIT $1[0m  [["LIMIT", 11]]
  ↳ /home/sam/.rbenv/versions/2.5.1/lib/ruby/gems/2.5.0/gems/activerecord-5.2.6/lib/active_record/log_subscriber.rb:98
  [1m[36mCACHE User Load (0.0ms)[0m  [1m[34mSELECT  "users".* FROM "users" LIMIT $1[0m  [["LIMIT", 11]]
  ↳ /home/sam/.rbenv/versions/2.5.1/lib/ruby/gems/2.5.0/gems/activerecord-5.2.6/lib/active_record/log_subscriber.rb:98
  [1m[36mCACHE User Load (0.0ms)[0m  [1m[34mSELECT  "users".* FROM "users" LIMIT $1[0m  [["LIMIT", 11]]
  ↳ /home/sam/.rbenv/versions/2.5.1/lib/ruby/gems/2.5.0/gems/activerecord-5.2.6/lib/active_record/log_subscriber.rb:98
  [1m[36mCACHE User Load (0.0ms)[0m  [1m[34mSELECT  "users".* FROM "users" LIMIT $1[0m  [["LIMIT", 11]]
  ↳ /home/sam/.rbenv/versions/2.5.1/lib/ruby/gems/2.5.0/gems/activerecord-5.2.6/lib/active_record/log_subscriber.rb:98
  [1m[36mCACHE User Load (0.0ms)[0m  [1m[34mSELECT  "users".* FROM "users" LIMIT $1[0m  [["LIMIT", 11]]
  ↳ /home/sam/.rbenv/versions/2.5.1/lib/ruby/gems/2.5.0/gems/activerecord-5.2.6/lib/active_record/log_subscriber.rb:98
  [1m[36mCACHE User Load (0.0ms)[0m  [1m[34mSELECT  "users".* FROM "users" LIMIT $1[0m  [["LIMIT", 11]]
  ↳ /home/sam/.rbenv/versions/2.5.1/lib/ruby/gems/2.5.0/gems/activerecord-5.2.6/lib/active_record/log_subscriber.rb:98
  [1m[36mCACHE User Load (0.0ms)[0m  [1m[34mSELECT  "users".* FROM "users" LIMIT $1[0m  [["LIMIT", 11]]
  ↳ /home/sam/.rbenv/versions/2.5.1/lib/ruby/gems/2.5.0/gems/activerecord-5.2.6/lib/active_record/log_subscriber.rb:98
  [1m[36mCACHE User Load (0.0ms)[0m  [1m[34mSELECT  "users".* FROM "users" LIMIT $1[0m  [["LIMIT", 11]]
  ↳ /home/sam/.rbenv/versions/2.5.1/lib/ruby/gems/2.5.0/gems/activerecord-5.2.6/lib/active_record/log_subscriber.rb:98
  [1m[36mCACHE User Load (0.0ms)[0m  [1m[34mSELECT  "users".* FROM "users" LIMIT $1[0m  [["LIMIT", 11]]
  ↳ /home/sam/.rbenv/versions/2.5.1/lib/ruby/gems/2.5.0/gems/activerecord-5.2.6/lib/active_record/log_subscriber.rb:98
  [1m[36mCACHE User Load (0.0ms)[0m  [1m[34mSELECT  "users".* FROM "users" LIMIT $1[0m  [["LIMIT", 11]]
  ↳ /home/sam/.rbenv/versions/2.5.1/lib/ruby/gems/2.5.0/gems/activerecord-5.2.6/lib/active_record/log_subscriber.rb:98
  [1m[36mCACHE User Load (0.0ms)[0m  [1m[34mSELECT  "users".* FROM "users" LIMIT $1[0m  [["LIMIT", 11]]
  ↳ /home/sam/.rbenv/versions/2.5.1/lib/ruby/gems/2.5.0/gems/activerecord-5.2.6/lib/active_record/log_subscriber.rb:98
  [1m[36mCACHE User Load (0.0ms)[0m  [1m[34mSELECT  "users".* FROM "users" LIMIT $1[0m  [["LIMIT", 11]]
  ↳ /home/sam/.rbenv/versions/2.5.1/lib/ruby/gems/2.5.0/gems/activerecord-5.2.6/lib/active_record/log_subscriber.rb:98
  [1m[36mCACHE User Load (0.0ms)[0m  [1m[34mSELECT  "users".* FROM "users" LIMIT $1[0m  [["LIMIT", 11]]
  ↳ /home/sam/.rbenv/versions/2.5.1/lib/ruby/gems/2.5.0/gems/activerecord-5.2.6/lib/active_record/log_subscriber.rb:98
  [1m[36mCACHE User Load (0.0ms)[0m  [1m[34mSELECT  "users".* FROM "users" LIMIT $1[0m  [["LIMIT", 11]]
  ↳ /home/sam/.rbenv/versions/2.5.1/lib/ruby/gems/2.5.0/gems/activerecord-5.2.6/lib/active_record/log_subscriber.rb:98
  [1m[36mCACHE User Load (0.0ms)[0m  [1m[34mSELECT  "users".* FROM "users" LIMIT $1[0m  [["LIMIT", 11]]
  ↳ /home/sam/.rbenv/versions/2.5.1/lib/ruby/gems/2.5.0/gems/activerecord-5.2.6/lib/active_record/log_subscriber.rb:98
  [1m[36mCACHE User Load (0.0ms)[0m  [1m[34mSELECT  "users".* FROM "users" LIMIT $1[0m  [["LIMIT", 11]]
  ↳ /home/sam/.rbenv/versions/2.5.1/lib/ruby/gems/2.5.0/gems/activerecord-5.2.6/lib/active_record/log_subscriber.rb:98
  [1m[36mCACHE User Load (0.0ms)[0m  [1m[34mSELECT  "users".* FROM "users" LIMIT $1[0m  [["LIMIT", 11]]
  ↳ /home/sam/.rbenv/versions/2.5.1/lib/ruby/gems/2.5.0/gems/activerecord-5.2.6/lib/active_record/log_subscriber.rb:98
Started GET "/session/new" for ::1 at 2021-11-19 15:33:23 -0500
Processing by SessionsController#new as HTML
  Rendering sessions/login.html.erb within layouts/application
  Rendered _credentials.html.erb (0.6ms)
  Rendered sessions/login.html.erb within layouts/application (53.2ms)
  [1m[36mUser Load (0.4ms)[0m  [1m[34mSELECT  "users".* FROM "users" WHERE "users"."session_token" = $1 LIMIT $2[0m  [["session_token", "7ZX9WMDZEvhH-8hqFDH_Mg"], ["LIMIT", 1]]
  ↳ app/controllers/application_controller.rb:6
Completed 200 OK in 464ms (Views: 462.5ms | ActiveRecord: 0.4ms)


Started DELETE "/session" for ::1 at 2021-11-19 15:33:26 -0500
Processing by SessionsController#destroy as HTML
  Parameters: {"authenticity_token"=>"BwJCis6lVqmbvEuXtuX0Fq0hhCNQSGzKfCBrRkxtYiB+bKk+d5JLLrQTqNWv3zyb5nrz1PhsJJb+asT1DIX7SQ=="}
  [1m[36mUser Load (0.4ms)[0m  [1m[34mSELECT  "users".* FROM "users" WHERE "users"."session_token" = $1 LIMIT $2[0m  [["session_token", "7ZX9WMDZEvhH-8hqFDH_Mg"], ["LIMIT", 1]]
  ↳ app/controllers/application_controller.rb:6
  [1m[36mCACHE User Load (0.0ms)[0m  [1m[34mSELECT  "users".* FROM "users" WHERE "users"."session_token" = $1 LIMIT $2[0m  [["session_token", "7ZX9WMDZEvhH-8hqFDH_Mg"], ["LIMIT", 1]]
  ↳ app/controllers/application_controller.rb:6
  [1m[35m (0.1ms)[0m  [1m[35mBEGIN[0m
  ↳ app/models/user.rb:24
  [1m[36mUser Exists (0.2ms)[0m  [1m[34mSELECT  1 AS one FROM "users" WHERE "users"."username" = $1 AND "users"."id" != $2 LIMIT $3[0m  [["username", "test"], ["id", 1], ["LIMIT", 1]]
  ↳ app/models/user.rb:24
  [1m[36mUser Update (0.3ms)[0m  [1m[33mUPDATE "users" SET "session_token" = $1, "updated_at" = $2 WHERE "users"."id" = $3[0m  [["session_token", "lyOfqOdGp--LeR9fe2fC9w"], ["updated_at", "2021-11-19 20:33:26.517429"], ["id", 1]]
  ↳ app/models/user.rb:24
  [1m[35m (2.4ms)[0m  [1m[35mCOMMIT[0m
  ↳ app/models/user.rb:24
  Rendering sessions/login.html.erb within layouts/application
  Rendered _credentials.html.erb (0.6ms)
  Rendered sessions/login.html.erb within layouts/application (63.1ms)
  [1m[36mUser Load (0.3ms)[0m  [1m[34mSELECT  "users".* FROM "users" WHERE "users"."session_token" IS NULL LIMIT $1[0m  [["LIMIT", 1]]
  ↳ app/controllers/application_controller.rb:6
Completed 200 OK in 558ms (Views: 547.8ms | ActiveRecord: 3.9ms)


Started POST "/session" for ::1 at 2021-11-19 15:33:30 -0500
Processing by SessionsController#create as HTML
  Parameters: {"authenticity_token"=>"D/Qi+F2z52q7F9CF7WsUZ5hdsze5vZ2uw9JHRg3Y2LZ2mslM5IT67ZS4M8f0Udzq0wbEwBGZ1fJBmOj1TTBB3w==", "user"=>{"username"=>"test", "password"=>"[FILTERED]"}}
  [1m[36mUser Load (0.5ms)[0m  [1m[34mSELECT  "users".* FROM "users" WHERE "users"."username" = $1 LIMIT $2[0m  [["username", "test"], ["LIMIT", 1]]
  ↳ app/models/user.rb:10
  [1m[35m (0.3ms)[0m  [1m[35mBEGIN[0m
  ↳ app/models/user.rb:24
  [1m[36mUser Exists (0.4ms)[0m  [1m[34mSELECT  1 AS one FROM "users" WHERE "users"."username" = $1 AND "users"."id" != $2 LIMIT $3[0m  [["username", "test"], ["id", 1], ["LIMIT", 1]]
  ↳ app/models/user.rb:24
  [1m[36mUser Update (0.6ms)[0m  [1m[33mUPDATE "users" SET "session_token" = $1, "updated_at" = $2 WHERE "users"."id" = $3[0m  [["session_token", "tr3AToE2_o4c5SqmE_fdqg"], ["updated_at", "2021-11-19 20:33:30.958756"], ["id", 1]]
  ↳ app/models/user.rb:24
  [1m[35m (2.8ms)[0m  [1m[35mCOMMIT[0m
  ↳ app/models/user.rb:24
Redirected to http://localhost:3000/users
Completed 302 Found in 257ms (ActiveRecord: 4.5ms)


Started GET "/users" for ::1 at 2021-11-19 15:33:30 -0500
Processing by UsersController#index as HTML
  [1m[36mUser Load (0.3ms)[0m  [1m[34mSELECT  "users".* FROM "users" WHERE "users"."session_token" = $1 LIMIT $2[0m  [["session_token", "tr3AToE2_o4c5SqmE_fdqg"], ["LIMIT", 1]]
  ↳ app/controllers/application_controller.rb:6
  Rendering users/index.html.erb within layouts/application
  Rendered users/index.html.erb within layouts/application (0.5ms)
  [1m[36mCACHE User Load (0.0ms)[0m  [1m[34mSELECT  "users".* FROM "users" WHERE "users"."session_token" = $1 LIMIT $2[0m  [["session_token", "tr3AToE2_o4c5SqmE_fdqg"], ["LIMIT", 1]]
  ↳ app/controllers/application_controller.rb:6
Completed 200 OK in 596ms (Views: 594.3ms | ActiveRecord: 0.3ms)


Started DELETE "/session" for ::1 at 2021-11-19 15:33:59 -0500
  [1m[35m (0.8ms)[0m  [1m[34mSELECT "schema_migrations"."version" FROM "schema_migrations" ORDER BY "schema_migrations"."version" ASC[0m
  ↳ /home/sam/.rbenv/versions/2.5.1/lib/ruby/gems/2.5.0/gems/activerecord-5.2.6/lib/active_record/log_subscriber.rb:98
Processing by SessionsController#destroy as HTML
  Parameters: {"authenticity_token"=>"dbKxT1NSOWJAx4J/B01N42uCdZj2LO5dwchumWPQ5XgM3Fr76mUk5W9oYT0ed4VuINkCb14IpgFDgsEqIzh8EQ=="}
  [1m[36mUser Load (0.6ms)[0m  [1m[34mSELECT  "users".* FROM "users" WHERE "users"."session_token" = $1 LIMIT $2[0m  [["session_token", "tr3AToE2_o4c5SqmE_fdqg"], ["LIMIT", 1]]
  ↳ app/controllers/application_controller.rb:6
  [1m[36mCACHE User Load (0.0ms)[0m  [1m[34mSELECT  "users".* FROM "users" WHERE "users"."session_token" = $1 LIMIT $2[0m  [["session_token", "tr3AToE2_o4c5SqmE_fdqg"], ["LIMIT", 1]]
  ↳ app/controllers/application_controller.rb:6
  [1m[35m (0.3ms)[0m  [1m[35mBEGIN[0m
  ↳ app/models/user.rb:24
  [1m[36mUser Exists (0.7ms)[0m  [1m[34mSELECT  1 AS one FROM "users" WHERE "users"."username" = $1 AND "users"."id" != $2 LIMIT $3[0m  [["username", "test"], ["id", 1], ["LIMIT", 1]]
  ↳ app/models/user.rb:24
  [1m[36mUser Update (0.7ms)[0m  [1m[33mUPDATE "users" SET "session_token" = $1, "updated_at" = $2 WHERE "users"."id" = $3[0m  [["session_token", "w8Vr01XzSxEVH1oVVeRxAQ"], ["updated_at", "2021-11-19 20:33:59.824409"], ["id", 1]]
  ↳ app/models/user.rb:24
  [1m[35m (2.7ms)[0m  [1m[35mCOMMIT[0m
  ↳ app/models/user.rb:24
  Rendering sessions/login.html.erb within layouts/application
  Rendered _credentials.html.erb (1.0ms)
  Rendered sessions/login.html.erb within layouts/application (83.2ms)
  [1m[36mUser Load (0.3ms)[0m  [1m[34mSELECT  "users".* FROM "users" WHERE "users"."session_token" IS NULL LIMIT $1[0m  [["LIMIT", 1]]
  ↳ app/controllers/application_controller.rb:6
Completed 200 OK in 1996ms (Views: 1830.7ms | ActiveRecord: 10.4ms)


Started POST "/session" for ::1 at 2021-11-19 15:34:05 -0500
Processing by SessionsController#create as HTML
  Parameters: {"authenticity_token"=>"jbCK+Kmd7CTHsYlfbsSsdjxx/yIqu+/vfnI6/nnwCWX03mFMEKrxo+geah13/mT7dyqI1YKfp7P8OJVNORiQDA==", "user"=>{"username"=>"test", "password"=>"[FILTERED]"}}
  [1m[36mUser Load (0.4ms)[0m  [1m[34mSELECT  "users".* FROM "users" WHERE "users"."username" = $1 LIMIT $2[0m  [["username", "test"], ["LIMIT", 1]]
  ↳ app/models/user.rb:10
  [1m[35m (0.3ms)[0m  [1m[35mBEGIN[0m
  ↳ app/models/user.rb:24
  [1m[36mUser Exists (0.4ms)[0m  [1m[34mSELECT  1 AS one FROM "users" WHERE "users"."username" = $1 AND "users"."id" != $2 LIMIT $3[0m  [["username", "test"], ["id", 1], ["LIMIT", 1]]
  ↳ app/models/user.rb:24
  [1m[36mUser Update (0.4ms)[0m  [1m[33mUPDATE "users" SET "session_token" = $1, "updated_at" = $2 WHERE "users"."id" = $3[0m  [["session_token", "GEIgXW6cHhSaz8lE0yVUYw"], ["updated_at", "2021-11-19 20:34:05.546088"], ["id", 1]]
  ↳ app/models/user.rb:24
  [1m[35m (4.6ms)[0m  [1m[35mCOMMIT[0m
  ↳ app/models/user.rb:24
Redirected to http://localhost:3000/users/1
Completed 302 Found in 248ms (ActiveRecord: 6.0ms)


Started GET "/users/1" for ::1 at 2021-11-19 15:34:05 -0500
Processing by UsersController#show as HTML
  Parameters: {"id"=>"1"}
  [1m[36mUser Load (0.4ms)[0m  [1m[34mSELECT  "users".* FROM "users" WHERE "users"."session_token" = $1 LIMIT $2[0m  [["session_token", "GEIgXW6cHhSaz8lE0yVUYw"], ["LIMIT", 1]]
  ↳ app/controllers/application_controller.rb:6
  [1m[36mUser Load (0.3ms)[0m  [1m[34mSELECT  "users".* FROM "users" WHERE "users"."id" = $1 LIMIT $2[0m  [["id", 1], ["LIMIT", 1]]
  ↳ app/controllers/users_controller.rb:26
  Rendering users/show.html.erb within layouts/application
  Rendered users/show.html.erb within layouts/application (0.5ms)
  [1m[36mCACHE User Load (0.0ms)[0m  [1m[34mSELECT  "users".* FROM "users" WHERE "users"."session_token" = $1 LIMIT $2[0m  [["session_token", "GEIgXW6cHhSaz8lE0yVUYw"], ["LIMIT", 1]]
  ↳ app/controllers/application_controller.rb:6
Completed 200 OK in 585ms (Views: 579.7ms | ActiveRecord: 0.8ms)


